mode: set
github.com/openconfig/kne/api/metallb/clientset/v1beta1/client.go:63.41,65.2 1 0
github.com/openconfig/kne/api/metallb/clientset/v1beta1/client.go:81.53,83.2 1 0
github.com/openconfig/kne/api/metallb/clientset/v1beta1/client.go:85.55,87.2 1 0
github.com/openconfig/kne/api/metallb/clientset/v1beta1/client.go:94.13,99.2 3 1
github.com/openconfig/kne/api/metallb/clientset/v1beta1/client.go:101.32,103.2 1 0
github.com/openconfig/kne/api/metallb/clientset/v1beta1/client.go:106.55,113.16 7 1
github.com/openconfig/kne/api/metallb/clientset/v1beta1/client.go:113.16,115.3 1 0
github.com/openconfig/kne/api/metallb/clientset/v1beta1/client.go:116.2,118.8 1 1
github.com/openconfig/kne/api/metallb/clientset/v1beta1/client.go:122.59,124.2 1 0
github.com/openconfig/kne/api/metallb/clientset/v1beta1/client.go:126.76,131.2 1 1
github.com/openconfig/kne/api/metallb/clientset/v1beta1/client.go:133.80,138.2 1 1
github.com/openconfig/kne/api/metallb/clientset/v1beta1/ipaddresspool.go:34.118,36.16 2 1
github.com/openconfig/kne/api/metallb/clientset/v1beta1/ipaddresspool.go:36.16,38.3 1 0
github.com/openconfig/kne/api/metallb/clientset/v1beta1/ipaddresspool.go:39.2,40.111 2 1
github.com/openconfig/kne/api/metallb/clientset/v1beta1/ipaddresspool.go:40.111,42.3 1 0
github.com/openconfig/kne/api/metallb/clientset/v1beta1/ipaddresspool.go:43.2,43.21 1 1
github.com/openconfig/kne/api/metallb/clientset/v1beta1/ipaddresspool.go:46.125,48.16 2 1
github.com/openconfig/kne/api/metallb/clientset/v1beta1/ipaddresspool.go:48.16,50.3 1 1
github.com/openconfig/kne/api/metallb/clientset/v1beta1/ipaddresspool.go:51.2,52.111 2 1
github.com/openconfig/kne/api/metallb/clientset/v1beta1/ipaddresspool.go:52.111,54.3 1 0
github.com/openconfig/kne/api/metallb/clientset/v1beta1/ipaddresspool.go:55.2,55.21 1 1
github.com/openconfig/kne/api/metallb/clientset/v1beta1/ipaddresspool.go:58.149,60.16 2 1
github.com/openconfig/kne/api/metallb/clientset/v1beta1/ipaddresspool.go:60.16,62.3 1 0
github.com/openconfig/kne/api/metallb/clientset/v1beta1/ipaddresspool.go:63.2,68.16 3 1
github.com/openconfig/kne/api/metallb/clientset/v1beta1/ipaddresspool.go:68.16,70.3 1 0
github.com/openconfig/kne/api/metallb/clientset/v1beta1/ipaddresspool.go:71.2,72.16 2 1
github.com/openconfig/kne/api/metallb/clientset/v1beta1/ipaddresspool.go:72.16,74.3 1 1
github.com/openconfig/kne/api/metallb/clientset/v1beta1/ipaddresspool.go:75.2,76.111 2 1
github.com/openconfig/kne/api/metallb/clientset/v1beta1/ipaddresspool.go:76.111,78.3 1 0
github.com/openconfig/kne/api/metallb/clientset/v1beta1/ipaddresspool.go:79.2,79.21 1 1
github.com/openconfig/kne/api/metallb/clientset/v1beta1/ipaddresspool.go:82.106,85.2 2 1
github.com/openconfig/kne/api/metallb/clientset/v1beta1/ipaddresspool.go:87.103,89.2 1 1
github.com/openconfig/kne/api/metallb/clientset/v1beta1/ipaddresspool.go:91.150,93.16 2 1
github.com/openconfig/kne/api/metallb/clientset/v1beta1/ipaddresspool.go:93.16,95.3 1 1
github.com/openconfig/kne/api/metallb/clientset/v1beta1/ipaddresspool.go:96.2,97.113 2 1
github.com/openconfig/kne/api/metallb/clientset/v1beta1/ipaddresspool.go:97.113,99.3 1 0
github.com/openconfig/kne/api/metallb/clientset/v1beta1/ipaddresspool.go:100.2,100.21 1 1
github.com/openconfig/kne/api/metallb/clientset/v1beta1/ipaddresspool.go:103.160,105.2 1 1
github.com/openconfig/kne/api/metallb/clientset/v1beta1/l2advertisement.go:34.124,36.16 2 1
github.com/openconfig/kne/api/metallb/clientset/v1beta1/l2advertisement.go:36.16,38.3 1 0
github.com/openconfig/kne/api/metallb/clientset/v1beta1/l2advertisement.go:39.2,40.111 2 1
github.com/openconfig/kne/api/metallb/clientset/v1beta1/l2advertisement.go:40.111,42.3 1 0
github.com/openconfig/kne/api/metallb/clientset/v1beta1/l2advertisement.go:43.2,43.21 1 1
github.com/openconfig/kne/api/metallb/clientset/v1beta1/l2advertisement.go:46.131,48.16 2 1
github.com/openconfig/kne/api/metallb/clientset/v1beta1/l2advertisement.go:48.16,50.3 1 1
github.com/openconfig/kne/api/metallb/clientset/v1beta1/l2advertisement.go:51.2,52.111 2 1
github.com/openconfig/kne/api/metallb/clientset/v1beta1/l2advertisement.go:52.111,54.3 1 0
github.com/openconfig/kne/api/metallb/clientset/v1beta1/l2advertisement.go:55.2,55.21 1 1
github.com/openconfig/kne/api/metallb/clientset/v1beta1/l2advertisement.go:58.157,60.16 2 1
github.com/openconfig/kne/api/metallb/clientset/v1beta1/l2advertisement.go:60.16,62.3 1 0
github.com/openconfig/kne/api/metallb/clientset/v1beta1/l2advertisement.go:63.2,68.16 3 1
github.com/openconfig/kne/api/metallb/clientset/v1beta1/l2advertisement.go:68.16,70.3 1 0
github.com/openconfig/kne/api/metallb/clientset/v1beta1/l2advertisement.go:71.2,72.16 2 1
github.com/openconfig/kne/api/metallb/clientset/v1beta1/l2advertisement.go:72.16,74.3 1 1
github.com/openconfig/kne/api/metallb/clientset/v1beta1/l2advertisement.go:75.2,76.111 2 1
github.com/openconfig/kne/api/metallb/clientset/v1beta1/l2advertisement.go:76.111,78.3 1 0
github.com/openconfig/kne/api/metallb/clientset/v1beta1/l2advertisement.go:79.2,79.21 1 1
github.com/openconfig/kne/api/metallb/clientset/v1beta1/l2advertisement.go:82.110,85.2 2 1
github.com/openconfig/kne/api/metallb/clientset/v1beta1/l2advertisement.go:87.107,89.2 1 1
github.com/openconfig/kne/api/metallb/clientset/v1beta1/l2advertisement.go:91.156,93.16 2 1
github.com/openconfig/kne/api/metallb/clientset/v1beta1/l2advertisement.go:93.16,95.3 1 1
github.com/openconfig/kne/api/metallb/clientset/v1beta1/l2advertisement.go:96.2,97.113 2 1
github.com/openconfig/kne/api/metallb/clientset/v1beta1/l2advertisement.go:97.113,99.3 1 0
github.com/openconfig/kne/api/metallb/clientset/v1beta1/l2advertisement.go:100.2,100.21 1 1
github.com/openconfig/kne/api/metallb/clientset/v1beta1/l2advertisement.go:103.164,105.2 1 1
github.com/openconfig/kne/cmd/root.go:49.48,51.2 1 0
github.com/openconfig/kne/cmd/root.go:53.30,54.43 1 1
github.com/openconfig/kne/cmd/root.go:54.43,56.3 1 1
github.com/openconfig/kne/cmd/root.go:57.2,57.43 1 1
github.com/openconfig/kne/cmd/root.go:57.43,59.3 1 1
github.com/openconfig/kne/cmd/root.go:60.2,60.11 1 1
github.com/openconfig/kne/cmd/root.go:63.13,73.2 9 1
github.com/openconfig/kne/cmd/root.go:99.64,100.20 1 0
github.com/openconfig/kne/cmd/root.go:100.20,102.3 1 0
github.com/openconfig/kne/cmd/root.go:103.2,103.12 1 0
github.com/openconfig/kne/cmd/root.go:106.45,108.16 2 0
github.com/openconfig/kne/cmd/root.go:108.16,110.3 1 0
github.com/openconfig/kne/cmd/root.go:111.2,111.30 1 0
github.com/openconfig/kne/cmd/root.go:114.56,116.16 2 0
github.com/openconfig/kne/cmd/root.go:116.16,118.3 1 0
github.com/openconfig/kne/cmd/root.go:119.2,121.16 3 0
github.com/openconfig/kne/cmd/root.go:121.16,123.3 1 0
github.com/openconfig/kne/cmd/root.go:124.2,125.16 2 0
github.com/openconfig/kne/cmd/root.go:125.16,127.3 1 0
github.com/openconfig/kne/cmd/root.go:128.2,128.12 1 0
github.com/openconfig/kne/cmd/root.go:128.12,130.3 1 0
github.com/openconfig/kne/cmd/root.go:131.2,131.42 1 0
github.com/openconfig/kne/cmd/root.go:134.56,136.16 2 0
github.com/openconfig/kne/cmd/root.go:136.16,138.3 1 0
github.com/openconfig/kne/cmd/root.go:139.2,140.16 2 0
github.com/openconfig/kne/cmd/root.go:140.16,142.3 1 0
github.com/openconfig/kne/cmd/root.go:143.2,143.33 1 0
github.com/openconfig/kne/cmd/root.go:146.54,148.16 2 0
github.com/openconfig/kne/cmd/root.go:148.16,150.3 1 0
github.com/openconfig/kne/cmd/root.go:151.2,152.16 2 0
github.com/openconfig/kne/cmd/root.go:152.16,154.3 1 0
github.com/openconfig/kne/cmd/root.go:155.2,157.16 3 0
github.com/openconfig/kne/cmd/root.go:157.16,159.3 1 0
github.com/openconfig/kne/cmd/root.go:160.2,161.30 2 0
github.com/openconfig/kne/cmd/root.go:161.30,163.26 2 0
github.com/openconfig/kne/cmd/root.go:163.26,164.16 1 0
github.com/openconfig/kne/cmd/root.go:164.16,166.13 2 0
github.com/openconfig/kne/cmd/root.go:168.4,168.74 1 0
github.com/openconfig/kne/cmd/root.go:171.2,172.33 2 0
github.com/openconfig/kne/cmd/root.go:172.33,174.3 1 0
github.com/openconfig/kne/cmd/root.go:175.2,176.34 2 0
github.com/openconfig/kne/cmd/root.go:176.34,177.26 1 0
github.com/openconfig/kne/cmd/root.go:177.26,179.4 1 0
github.com/openconfig/kne/cmd/root.go:181.2,181.12 1 0
github.com/openconfig/kne/cmd/deploy/deploy.go:29.27,36.2 2 1
github.com/openconfig/kne/cmd/deploy/deploy.go:65.64,67.16 2 1
github.com/openconfig/kne/cmd/deploy/deploy.go:67.16,69.3 1 0
github.com/openconfig/kne/cmd/deploy/deploy.go:70.2,72.16 3 1
github.com/openconfig/kne/cmd/deploy/deploy.go:72.16,74.3 1 0
github.com/openconfig/kne/cmd/deploy/deploy.go:75.2,79.44 5 1
github.com/openconfig/kne/cmd/deploy/deploy.go:79.44,81.3 1 0
github.com/openconfig/kne/cmd/deploy/deploy.go:83.2,84.26 2 1
github.com/openconfig/kne/cmd/deploy/deploy.go:85.14,88.52 3 1
github.com/openconfig/kne/cmd/deploy/deploy.go:88.52,90.4 1 0
github.com/openconfig/kne/cmd/deploy/deploy.go:92.3,92.43 1 1
github.com/openconfig/kne/cmd/deploy/deploy.go:92.43,94.4 1 1
github.com/openconfig/kne/cmd/deploy/deploy.go:97.3,97.29 1 1
github.com/openconfig/kne/cmd/deploy/deploy.go:97.29,99.4 1 1
github.com/openconfig/kne/cmd/deploy/deploy.go:101.3,101.16 1 1
github.com/openconfig/kne/cmd/deploy/deploy.go:102.18,105.52 3 0
github.com/openconfig/kne/cmd/deploy/deploy.go:105.52,107.4 1 0
github.com/openconfig/kne/cmd/deploy/deploy.go:108.3,108.16 1 0
github.com/openconfig/kne/cmd/deploy/deploy.go:109.10,110.77 1 1
github.com/openconfig/kne/cmd/deploy/deploy.go:112.2,112.22 1 1
github.com/openconfig/kne/cmd/deploy/deploy.go:113.17,115.48 2 1
github.com/openconfig/kne/cmd/deploy/deploy.go:115.48,117.4 1 0
github.com/openconfig/kne/cmd/deploy/deploy.go:118.3,118.23 1 1
github.com/openconfig/kne/cmd/deploy/deploy.go:118.23,120.4 1 1
github.com/openconfig/kne/cmd/deploy/deploy.go:121.3,121.26 1 1
github.com/openconfig/kne/cmd/deploy/deploy.go:121.26,123.4 1 0
github.com/openconfig/kne/cmd/deploy/deploy.go:124.3,124.12 1 1
github.com/openconfig/kne/cmd/deploy/deploy.go:125.10,126.69 1 1
github.com/openconfig/kne/cmd/deploy/deploy.go:128.2,128.26 1 1
github.com/openconfig/kne/cmd/deploy/deploy.go:129.17,131.52 2 1
github.com/openconfig/kne/cmd/deploy/deploy.go:131.52,133.4 1 0
github.com/openconfig/kne/cmd/deploy/deploy.go:134.3,134.23 1 1
github.com/openconfig/kne/cmd/deploy/deploy.go:134.23,136.4 1 1
github.com/openconfig/kne/cmd/deploy/deploy.go:137.3,137.26 1 1
github.com/openconfig/kne/cmd/deploy/deploy.go:137.26,139.4 1 0
github.com/openconfig/kne/cmd/deploy/deploy.go:140.3,140.16 1 1
github.com/openconfig/kne/cmd/deploy/deploy.go:141.10,142.77 1 1
github.com/openconfig/kne/cmd/deploy/deploy.go:144.2,144.31 1 1
github.com/openconfig/kne/cmd/deploy/deploy.go:144.31,146.3 1 1
github.com/openconfig/kne/cmd/deploy/deploy.go:147.2,147.36 1 1
github.com/openconfig/kne/cmd/deploy/deploy.go:147.36,148.17 1 1
github.com/openconfig/kne/cmd/deploy/deploy.go:149.17,151.43 2 1
github.com/openconfig/kne/cmd/deploy/deploy.go:151.43,153.5 1 0
github.com/openconfig/kne/cmd/deploy/deploy.go:154.4,154.24 1 1
github.com/openconfig/kne/cmd/deploy/deploy.go:154.24,156.5 1 1
github.com/openconfig/kne/cmd/deploy/deploy.go:157.4,157.25 1 1
github.com/openconfig/kne/cmd/deploy/deploy.go:157.25,159.5 1 1
github.com/openconfig/kne/cmd/deploy/deploy.go:160.4,160.27 1 1
github.com/openconfig/kne/cmd/deploy/deploy.go:160.27,162.5 1 0
github.com/openconfig/kne/cmd/deploy/deploy.go:163.4,163.44 1 1
github.com/openconfig/kne/cmd/deploy/deploy.go:164.18,166.43 2 1
github.com/openconfig/kne/cmd/deploy/deploy.go:166.43,168.5 1 0
github.com/openconfig/kne/cmd/deploy/deploy.go:169.4,169.24 1 1
github.com/openconfig/kne/cmd/deploy/deploy.go:169.24,171.5 1 1
github.com/openconfig/kne/cmd/deploy/deploy.go:172.4,172.27 1 1
github.com/openconfig/kne/cmd/deploy/deploy.go:172.27,174.5 1 0
github.com/openconfig/kne/cmd/deploy/deploy.go:175.4,175.44 1 1
github.com/openconfig/kne/cmd/deploy/deploy.go:176.18,178.43 2 1
github.com/openconfig/kne/cmd/deploy/deploy.go:178.43,180.5 1 0
github.com/openconfig/kne/cmd/deploy/deploy.go:181.4,181.24 1 1
github.com/openconfig/kne/cmd/deploy/deploy.go:181.24,183.5 1 1
github.com/openconfig/kne/cmd/deploy/deploy.go:184.4,184.27 1 1
github.com/openconfig/kne/cmd/deploy/deploy.go:184.27,186.5 1 0
github.com/openconfig/kne/cmd/deploy/deploy.go:187.4,187.44 1 1
github.com/openconfig/kne/cmd/deploy/deploy.go:188.18,190.43 2 1
github.com/openconfig/kne/cmd/deploy/deploy.go:190.43,192.5 1 0
github.com/openconfig/kne/cmd/deploy/deploy.go:193.4,193.24 1 1
github.com/openconfig/kne/cmd/deploy/deploy.go:193.24,195.5 1 1
github.com/openconfig/kne/cmd/deploy/deploy.go:196.4,196.27 1 1
github.com/openconfig/kne/cmd/deploy/deploy.go:196.27,198.5 1 0
github.com/openconfig/kne/cmd/deploy/deploy.go:199.4,199.44 1 1
github.com/openconfig/kne/cmd/deploy/deploy.go:200.11,201.71 1 1
github.com/openconfig/kne/cmd/deploy/deploy.go:204.2,204.15 1 1
github.com/openconfig/kne/cmd/deploy/deploy.go:207.46,208.26 1 1
github.com/openconfig/kne/cmd/deploy/deploy.go:208.26,210.3 1 0
github.com/openconfig/kne/cmd/deploy/deploy.go:211.2,211.38 1 1
github.com/openconfig/kne/cmd/deploy/deploy.go:214.56,215.20 1 0
github.com/openconfig/kne/cmd/deploy/deploy.go:215.20,217.3 1 0
github.com/openconfig/kne/cmd/deploy/deploy.go:218.2,218.52 1 0
github.com/openconfig/kne/cmd/deploy/deploy.go:218.52,220.3 1 0
github.com/openconfig/kne/cmd/deploy/deploy.go:221.2,222.16 2 0
github.com/openconfig/kne/cmd/deploy/deploy.go:222.16,224.3 1 0
github.com/openconfig/kne/cmd/deploy/deploy.go:225.2,226.16 2 0
github.com/openconfig/kne/cmd/deploy/deploy.go:226.16,228.3 1 0
github.com/openconfig/kne/cmd/deploy/deploy.go:229.2,229.57 1 0
github.com/openconfig/kne/cmd/deploy/deploy.go:229.57,231.3 1 0
github.com/openconfig/kne/cmd/deploy/deploy.go:232.2,233.12 2 0
github.com/openconfig/kne/cmd/topology/topology.go:35.27,73.2 14 1
github.com/openconfig/kne/cmd/topology/topology.go:81.45,83.16 2 1
github.com/openconfig/kne/cmd/topology/topology.go:83.16,85.3 1 0
github.com/openconfig/kne/cmd/topology/topology.go:86.2,86.30 1 1
github.com/openconfig/kne/cmd/topology/topology.go:89.58,90.36 1 1
github.com/openconfig/kne/cmd/topology/topology.go:90.36,92.3 1 1
github.com/openconfig/kne/cmd/topology/topology.go:93.2,94.16 2 1
github.com/openconfig/kne/cmd/topology/topology.go:94.16,96.3 1 1
github.com/openconfig/kne/cmd/topology/topology.go:97.2,98.16 2 1
github.com/openconfig/kne/cmd/topology/topology.go:98.16,100.3 1 0
github.com/openconfig/kne/cmd/topology/topology.go:101.2,103.16 3 1
github.com/openconfig/kne/cmd/topology/topology.go:103.16,105.3 1 0
github.com/openconfig/kne/cmd/topology/topology.go:106.2,107.19 2 1
github.com/openconfig/kne/cmd/topology/topology.go:107.19,109.3 1 1
github.com/openconfig/kne/cmd/topology/topology.go:110.2,110.26 1 1
github.com/openconfig/kne/cmd/topology/topology.go:110.26,112.10 2 1
github.com/openconfig/kne/cmd/topology/topology.go:113.11,114.14 1 1
github.com/openconfig/kne/cmd/topology/topology.go:115.19,115.19 0 1
github.com/openconfig/kne/cmd/topology/topology.go:116.62,117.75 1 1
github.com/openconfig/kne/cmd/topology/topology.go:118.48,121.12 3 1
github.com/openconfig/kne/cmd/topology/topology.go:124.2,124.17 1 1
github.com/openconfig/kne/cmd/topology/topology.go:124.17,127.3 2 1
github.com/openconfig/kne/cmd/topology/topology.go:128.2,130.16 3 1
github.com/openconfig/kne/cmd/topology/topology.go:130.16,132.3 1 0
github.com/openconfig/kne/cmd/topology/topology.go:133.2,134.32 2 1
github.com/openconfig/kne/cmd/topology/topology.go:134.32,136.16 2 1
github.com/openconfig/kne/cmd/topology/topology.go:136.16,138.12 2 1
github.com/openconfig/kne/cmd/topology/topology.go:140.3,141.25 2 1
github.com/openconfig/kne/cmd/topology/topology.go:142.25,143.14 1 1
github.com/openconfig/kne/cmd/topology/topology.go:144.25,146.30 2 1
github.com/openconfig/kne/cmd/topology/topology.go:146.30,148.5 1 1
github.com/openconfig/kne/cmd/topology/topology.go:149.4,152.18 4 1
github.com/openconfig/kne/cmd/topology/topology.go:152.18,154.13 2 1
github.com/openconfig/kne/cmd/topology/topology.go:157.3,158.10 2 1
github.com/openconfig/kne/cmd/topology/topology.go:159.11,161.12 2 0
github.com/openconfig/kne/cmd/topology/topology.go:162.19,162.19 0 1
github.com/openconfig/kne/cmd/topology/topology.go:163.48,165.12 2 0
github.com/openconfig/kne/cmd/topology/topology.go:168.2,168.22 1 1
github.com/openconfig/kne/cmd/topology/topology.go:171.54,172.20 1 1
github.com/openconfig/kne/cmd/topology/topology.go:172.20,174.3 1 1
github.com/openconfig/kne/cmd/topology/topology.go:175.2,176.16 2 1
github.com/openconfig/kne/cmd/topology/topology.go:176.16,178.3 1 0
github.com/openconfig/kne/cmd/topology/topology.go:179.2,180.16 2 1
github.com/openconfig/kne/cmd/topology/topology.go:180.16,182.3 1 0
github.com/openconfig/kne/cmd/topology/topology.go:183.2,185.16 3 1
github.com/openconfig/kne/cmd/topology/topology.go:185.16,187.3 1 0
github.com/openconfig/kne/cmd/topology/topology.go:189.2,190.16 2 1
github.com/openconfig/kne/cmd/topology/topology.go:190.16,192.3 1 1
github.com/openconfig/kne/cmd/topology/topology.go:193.2,193.15 1 1
github.com/openconfig/kne/cmd/topology/topology.go:193.15,194.36 1 1
github.com/openconfig/kne/cmd/topology/topology.go:194.36,196.4 1 0
github.com/openconfig/kne/cmd/topology/topology.go:198.2,198.50 1 1
github.com/openconfig/kne/cmd/topology/topology.go:201.55,202.20 1 0
github.com/openconfig/kne/cmd/topology/topology.go:202.20,204.3 1 0
github.com/openconfig/kne/cmd/topology/topology.go:205.2,206.16 2 0
github.com/openconfig/kne/cmd/topology/topology.go:206.16,208.3 1 0
github.com/openconfig/kne/cmd/topology/topology.go:209.2,210.16 2 0
github.com/openconfig/kne/cmd/topology/topology.go:210.16,212.3 1 0
github.com/openconfig/kne/cmd/topology/topology.go:213.2,215.16 3 0
github.com/openconfig/kne/cmd/topology/topology.go:215.16,217.3 1 0
github.com/openconfig/kne/cmd/topology/topology.go:218.2,218.32 1 0
github.com/openconfig/kne/cmd/topology/topology.go:221.54,222.20 1 0
github.com/openconfig/kne/cmd/topology/topology.go:222.20,224.3 1 0
github.com/openconfig/kne/cmd/topology/topology.go:225.2,226.16 2 0
github.com/openconfig/kne/cmd/topology/topology.go:226.16,228.3 1 0
github.com/openconfig/kne/cmd/topology/topology.go:229.2,230.16 2 0
github.com/openconfig/kne/cmd/topology/topology.go:230.16,232.3 1 0
github.com/openconfig/kne/cmd/topology/topology.go:233.2,235.16 3 0
github.com/openconfig/kne/cmd/topology/topology.go:235.16,237.3 1 0
github.com/openconfig/kne/cmd/topology/topology.go:238.2,238.54 1 0
github.com/openconfig/kne/cmd/topology/topology.go:241.99,243.2 1 0
github.com/openconfig/kne/cmd/topology/topology.go:249.57,250.20 1 1
github.com/openconfig/kne/cmd/topology/topology.go:250.20,252.3 1 1
github.com/openconfig/kne/cmd/topology/topology.go:253.2,254.16 2 1
github.com/openconfig/kne/cmd/topology/topology.go:254.16,256.3 1 0
github.com/openconfig/kne/cmd/topology/topology.go:257.2,258.16 2 1
github.com/openconfig/kne/cmd/topology/topology.go:258.16,260.3 1 0
github.com/openconfig/kne/cmd/topology/topology.go:261.2,263.16 3 1
github.com/openconfig/kne/cmd/topology/topology.go:263.16,265.3 1 0
github.com/openconfig/kne/cmd/topology/topology.go:266.2,267.16 2 1
github.com/openconfig/kne/cmd/topology/topology.go:267.16,269.3 1 1
github.com/openconfig/kne/cmd/topology/topology.go:271.2,272.12 2 1
github.com/openconfig/kne/controller/server/main.go:55.13,56.43 1 1
github.com/openconfig/kne/controller/server/main.go:56.43,66.3 9 1
github.com/openconfig/kne/controller/server/main.go:78.26,83.2 1 0
github.com/openconfig/kne/controller/server/main.go:85.79,87.37 2 1
github.com/openconfig/kne/controller/server/main.go:88.38,100.29 2 1
github.com/openconfig/kne/controller/server/main.go:100.29,102.18 2 0
github.com/openconfig/kne/controller/server/main.go:102.18,104.5 1 0
github.com/openconfig/kne/controller/server/main.go:105.4,105.24 1 0
github.com/openconfig/kne/controller/server/main.go:107.3,107.46 1 1
github.com/openconfig/kne/controller/server/main.go:107.46,109.18 2 0
github.com/openconfig/kne/controller/server/main.go:109.18,111.5 1 0
github.com/openconfig/kne/controller/server/main.go:112.4,112.32 1 0
github.com/openconfig/kne/controller/server/main.go:114.3,114.16 1 1
github.com/openconfig/kne/controller/server/main.go:115.42,118.4 1 0
github.com/openconfig/kne/controller/server/main.go:119.10,120.62 1 1
github.com/openconfig/kne/controller/server/main.go:122.2,122.37 1 1
github.com/openconfig/kne/controller/server/main.go:123.41,125.71 2 1
github.com/openconfig/kne/controller/server/main.go:126.27,127.61 1 1
github.com/openconfig/kne/controller/server/main.go:128.32,130.54 2 1
github.com/openconfig/kne/controller/server/main.go:130.54,132.5 1 1
github.com/openconfig/kne/controller/server/main.go:133.4,134.18 2 1
github.com/openconfig/kne/controller/server/main.go:134.18,136.5 1 1
github.com/openconfig/kne/controller/server/main.go:137.4,137.18 1 1
github.com/openconfig/kne/controller/server/main.go:138.11,139.69 1 0
github.com/openconfig/kne/controller/server/main.go:141.3,142.16 2 1
github.com/openconfig/kne/controller/server/main.go:143.10,144.62 1 1
github.com/openconfig/kne/controller/server/main.go:146.2,146.33 1 1
github.com/openconfig/kne/controller/server/main.go:147.41,149.71 2 1
github.com/openconfig/kne/controller/server/main.go:150.27,151.61 1 1
github.com/openconfig/kne/controller/server/main.go:152.32,154.54 2 1
github.com/openconfig/kne/controller/server/main.go:154.54,156.5 1 1
github.com/openconfig/kne/controller/server/main.go:157.4,158.18 2 1
github.com/openconfig/kne/controller/server/main.go:158.18,160.5 1 1
github.com/openconfig/kne/controller/server/main.go:161.4,161.18 1 1
github.com/openconfig/kne/controller/server/main.go:162.11,163.69 1 0
github.com/openconfig/kne/controller/server/main.go:165.3,165.12 1 1
github.com/openconfig/kne/controller/server/main.go:166.10,167.58 1 1
github.com/openconfig/kne/controller/server/main.go:169.2,169.35 1 1
github.com/openconfig/kne/controller/server/main.go:169.35,171.3 1 1
github.com/openconfig/kne/controller/server/main.go:172.2,172.41 1 1
github.com/openconfig/kne/controller/server/main.go:172.41,173.30 1 1
github.com/openconfig/kne/controller/server/main.go:174.36,176.71 2 1
github.com/openconfig/kne/controller/server/main.go:177.28,178.61 1 1
github.com/openconfig/kne/controller/server/main.go:179.33,181.54 2 1
github.com/openconfig/kne/controller/server/main.go:181.54,183.6 1 1
github.com/openconfig/kne/controller/server/main.go:184.5,185.19 2 1
github.com/openconfig/kne/controller/server/main.go:185.19,187.6 1 1
github.com/openconfig/kne/controller/server/main.go:188.5,188.19 1 1
github.com/openconfig/kne/controller/server/main.go:189.12,190.70 1 0
github.com/openconfig/kne/controller/server/main.go:192.4,192.44 1 1
github.com/openconfig/kne/controller/server/main.go:193.36,195.71 2 1
github.com/openconfig/kne/controller/server/main.go:196.28,197.61 1 1
github.com/openconfig/kne/controller/server/main.go:198.33,200.54 2 1
github.com/openconfig/kne/controller/server/main.go:200.54,202.6 1 1
github.com/openconfig/kne/controller/server/main.go:203.5,204.19 2 1
github.com/openconfig/kne/controller/server/main.go:204.19,206.6 1 1
github.com/openconfig/kne/controller/server/main.go:207.5,207.19 1 1
github.com/openconfig/kne/controller/server/main.go:208.12,209.70 1 0
github.com/openconfig/kne/controller/server/main.go:211.4,211.44 1 1
github.com/openconfig/kne/controller/server/main.go:212.35,214.70 2 1
github.com/openconfig/kne/controller/server/main.go:215.28,216.60 1 1
github.com/openconfig/kne/controller/server/main.go:217.33,219.53 2 1
github.com/openconfig/kne/controller/server/main.go:219.53,221.6 1 1
github.com/openconfig/kne/controller/server/main.go:222.5,223.19 2 1
github.com/openconfig/kne/controller/server/main.go:223.19,225.6 1 1
github.com/openconfig/kne/controller/server/main.go:226.5,226.19 1 1
github.com/openconfig/kne/controller/server/main.go:227.12,228.70 1 0
github.com/openconfig/kne/controller/server/main.go:230.4,230.68 1 1
github.com/openconfig/kne/controller/server/main.go:231.28,232.59 1 1
github.com/openconfig/kne/controller/server/main.go:233.33,235.51 2 1
github.com/openconfig/kne/controller/server/main.go:235.51,237.6 1 1
github.com/openconfig/kne/controller/server/main.go:238.5,239.19 2 1
github.com/openconfig/kne/controller/server/main.go:239.19,241.6 1 1
github.com/openconfig/kne/controller/server/main.go:242.5,242.20 1 1
github.com/openconfig/kne/controller/server/main.go:243.12,244.70 1 0
github.com/openconfig/kne/controller/server/main.go:246.4,246.44 1 1
github.com/openconfig/kne/controller/server/main.go:247.36,249.71 2 1
github.com/openconfig/kne/controller/server/main.go:250.28,251.61 1 1
github.com/openconfig/kne/controller/server/main.go:252.33,254.54 2 1
github.com/openconfig/kne/controller/server/main.go:254.54,256.6 1 1
github.com/openconfig/kne/controller/server/main.go:257.5,258.19 2 1
github.com/openconfig/kne/controller/server/main.go:258.19,260.6 1 1
github.com/openconfig/kne/controller/server/main.go:261.5,261.19 1 1
github.com/openconfig/kne/controller/server/main.go:262.12,263.70 1 0
github.com/openconfig/kne/controller/server/main.go:265.4,265.44 1 1
github.com/openconfig/kne/controller/server/main.go:266.11,267.66 1 0
github.com/openconfig/kne/controller/server/main.go:270.2,270.15 1 1
github.com/openconfig/kne/controller/server/main.go:273.120,276.16 3 0
github.com/openconfig/kne/controller/server/main.go:276.16,278.3 1 0
github.com/openconfig/kne/controller/server/main.go:279.2,282.53 4 0
github.com/openconfig/kne/controller/server/main.go:282.53,284.3 1 0
github.com/openconfig/kne/controller/server/main.go:285.2,285.54 1 0
github.com/openconfig/kne/controller/server/main.go:285.54,287.3 1 0
github.com/openconfig/kne/controller/server/main.go:288.2,294.18 4 0
github.com/openconfig/kne/controller/server/main.go:297.120,302.9 5 0
github.com/openconfig/kne/controller/server/main.go:302.9,304.3 1 0
github.com/openconfig/kne/controller/server/main.go:305.2,305.35 1 0
github.com/openconfig/kne/controller/server/main.go:305.35,307.3 1 0
github.com/openconfig/kne/controller/server/main.go:308.2,310.42 3 0
github.com/openconfig/kne/controller/server/main.go:313.114,318.9 5 0
github.com/openconfig/kne/controller/server/main.go:318.9,320.3 1 0
github.com/openconfig/kne/controller/server/main.go:321.2,321.39 1 0
github.com/openconfig/kne/controller/server/main.go:321.39,323.3 1 0
github.com/openconfig/kne/controller/server/main.go:324.2,324.85 1 0
github.com/openconfig/kne/controller/server/main.go:327.123,330.19 3 0
github.com/openconfig/kne/controller/server/main.go:330.19,332.3 1 0
github.com/openconfig/kne/controller/server/main.go:333.2,333.28 1 0
github.com/openconfig/kne/controller/server/main.go:333.28,335.3 1 0
github.com/openconfig/kne/controller/server/main.go:337.2,339.44 3 0
github.com/openconfig/kne/controller/server/main.go:339.44,341.3 1 0
github.com/openconfig/kne/controller/server/main.go:343.2,343.36 1 0
github.com/openconfig/kne/controller/server/main.go:343.36,344.66 1 0
github.com/openconfig/kne/controller/server/main.go:344.66,347.12 1 0
github.com/openconfig/kne/controller/server/main.go:349.3,350.28 2 0
github.com/openconfig/kne/controller/server/main.go:350.28,352.4 1 0
github.com/openconfig/kne/controller/server/main.go:353.3,354.47 2 0
github.com/openconfig/kne/controller/server/main.go:354.47,356.4 1 0
github.com/openconfig/kne/controller/server/main.go:357.3,357.61 1 0
github.com/openconfig/kne/controller/server/main.go:360.2,361.16 2 0
github.com/openconfig/kne/controller/server/main.go:361.16,363.3 1 0
github.com/openconfig/kne/controller/server/main.go:364.2,365.23 2 0
github.com/openconfig/kne/controller/server/main.go:365.23,367.3 1 0
github.com/openconfig/kne/controller/server/main.go:368.2,369.16 2 0
github.com/openconfig/kne/controller/server/main.go:369.16,371.3 1 0
github.com/openconfig/kne/controller/server/main.go:372.2,373.16 2 0
github.com/openconfig/kne/controller/server/main.go:373.16,375.3 1 0
github.com/openconfig/kne/controller/server/main.go:376.2,376.42 1 0
github.com/openconfig/kne/controller/server/main.go:376.42,378.3 1 0
github.com/openconfig/kne/controller/server/main.go:380.2,384.8 2 0
github.com/openconfig/kne/controller/server/main.go:387.123,392.9 5 0
github.com/openconfig/kne/controller/server/main.go:392.9,394.3 1 0
github.com/openconfig/kne/controller/server/main.go:395.2,396.59 2 0
github.com/openconfig/kne/controller/server/main.go:396.59,398.3 1 0
github.com/openconfig/kne/controller/server/main.go:399.2,400.16 2 0
github.com/openconfig/kne/controller/server/main.go:400.16,402.3 1 0
github.com/openconfig/kne/controller/server/main.go:403.2,404.16 2 0
github.com/openconfig/kne/controller/server/main.go:404.16,406.3 1 0
github.com/openconfig/kne/controller/server/main.go:407.2,407.39 1 0
github.com/openconfig/kne/controller/server/main.go:407.39,409.3 1 0
github.com/openconfig/kne/controller/server/main.go:410.2,410.43 1 0
github.com/openconfig/kne/controller/server/main.go:413.117,418.9 5 0
github.com/openconfig/kne/controller/server/main.go:418.9,420.3 1 0
github.com/openconfig/kne/controller/server/main.go:421.2,422.59 2 0
github.com/openconfig/kne/controller/server/main.go:422.59,424.3 1 0
github.com/openconfig/kne/controller/server/main.go:425.2,426.16 2 0
github.com/openconfig/kne/controller/server/main.go:426.16,428.3 1 0
github.com/openconfig/kne/controller/server/main.go:429.2,430.16 2 0
github.com/openconfig/kne/controller/server/main.go:430.16,432.3 1 0
github.com/openconfig/kne/controller/server/main.go:433.2,434.16 2 0
github.com/openconfig/kne/controller/server/main.go:434.16,436.3 1 0
github.com/openconfig/kne/controller/server/main.go:437.2,437.18 1 0
github.com/openconfig/kne/controller/server/main.go:440.111,445.9 5 0
github.com/openconfig/kne/controller/server/main.go:445.9,447.3 1 0
github.com/openconfig/kne/controller/server/main.go:448.2,449.59 2 0
github.com/openconfig/kne/controller/server/main.go:449.59,451.3 1 0
github.com/openconfig/kne/controller/server/main.go:452.2,453.16 2 0
github.com/openconfig/kne/controller/server/main.go:453.16,455.3 1 0
github.com/openconfig/kne/controller/server/main.go:456.2,457.16 2 0
github.com/openconfig/kne/controller/server/main.go:457.16,459.3 1 0
github.com/openconfig/kne/controller/server/main.go:460.2,461.98 2 0
github.com/openconfig/kne/controller/server/main.go:461.98,463.3 1 0
github.com/openconfig/kne/controller/server/main.go:464.2,464.39 1 0
github.com/openconfig/kne/controller/server/main.go:467.114,472.9 5 0
github.com/openconfig/kne/controller/server/main.go:472.9,474.3 1 0
github.com/openconfig/kne/controller/server/main.go:475.2,476.59 2 0
github.com/openconfig/kne/controller/server/main.go:476.59,478.3 1 0
github.com/openconfig/kne/controller/server/main.go:479.2,480.16 2 0
github.com/openconfig/kne/controller/server/main.go:480.16,482.3 1 0
github.com/openconfig/kne/controller/server/main.go:483.2,484.16 2 0
github.com/openconfig/kne/controller/server/main.go:484.16,486.3 1 0
github.com/openconfig/kne/controller/server/main.go:487.2,488.62 2 0
github.com/openconfig/kne/controller/server/main.go:488.62,490.3 1 0
github.com/openconfig/kne/controller/server/main.go:491.2,491.40 1 0
github.com/openconfig/kne/controller/server/main.go:494.48,496.16 2 1
github.com/openconfig/kne/controller/server/main.go:496.16,498.3 1 0
github.com/openconfig/kne/controller/server/main.go:499.2,499.41 1 1
github.com/openconfig/kne/controller/server/main.go:499.41,501.3 1 1
github.com/openconfig/kne/controller/server/main.go:502.2,502.18 1 1
github.com/openconfig/kne/controller/server/main.go:505.13,509.16 4 0
github.com/openconfig/kne/controller/server/main.go:509.16,511.3 1 0
github.com/openconfig/kne/controller/server/main.go:512.2,522.37 5 0
github.com/openconfig/kne/controller/server/main.go:522.37,524.3 1 0
github.com/openconfig/kne/exec/fake/fake.go:44.35,47.21 3 1
github.com/openconfig/kne/exec/fake/fake.go:47.21,49.34 2 1
github.com/openconfig/kne/exec/fake/fake.go:49.34,51.4 1 1
github.com/openconfig/kne/exec/fake/fake.go:52.3,52.25 1 1
github.com/openconfig/kne/exec/fake/fake.go:54.2,54.20 1 1
github.com/openconfig/kne/exec/fake/fake.go:54.20,56.3 1 1
github.com/openconfig/kne/exec/fake/fake.go:57.2,57.20 1 1
github.com/openconfig/kne/exec/fake/fake.go:57.20,59.3 1 1
github.com/openconfig/kne/exec/fake/fake.go:60.2,60.18 1 1
github.com/openconfig/kne/exec/fake/fake.go:60.18,62.3 1 1
github.com/openconfig/kne/exec/fake/fake.go:63.2,63.18 1 1
github.com/openconfig/kne/exec/fake/fake.go:63.18,65.3 1 1
github.com/openconfig/kne/exec/fake/fake.go:66.2,66.16 1 1
github.com/openconfig/kne/exec/fake/fake.go:66.16,68.3 1 1
github.com/openconfig/kne/exec/fake/fake.go:69.2,70.21 2 1
github.com/openconfig/kne/exec/fake/fake.go:88.41,92.2 1 1
github.com/openconfig/kne/exec/fake/fake.go:95.64,99.2 3 1
github.com/openconfig/kne/exec/fake/fake.go:102.42,102.58 1 1
github.com/openconfig/kne/exec/fake/fake.go:105.42,105.58 1 1
github.com/openconfig/kne/exec/fake/fake.go:109.32,109.33 0 1
github.com/openconfig/kne/exec/fake/fake.go:119.31,126.15 3 1
github.com/openconfig/kne/exec/fake/fake.go:126.15,128.3 1 1
github.com/openconfig/kne/exec/fake/fake.go:129.2,129.27 1 1
github.com/openconfig/kne/exec/fake/fake.go:129.27,132.3 2 1
github.com/openconfig/kne/exec/fake/fake.go:136.2,137.18 2 1
github.com/openconfig/kne/exec/fake/fake.go:137.18,139.3 1 1
github.com/openconfig/kne/exec/fake/fake.go:139.8,142.32 3 1
github.com/openconfig/kne/exec/fake/fake.go:142.32,143.36 1 1
github.com/openconfig/kne/exec/fake/fake.go:143.36,146.10 3 1
github.com/openconfig/kne/exec/fake/fake.go:149.3,149.15 1 1
github.com/openconfig/kne/exec/fake/fake.go:149.15,152.4 2 1
github.com/openconfig/kne/exec/fake/fake.go:157.2,163.39 6 1
github.com/openconfig/kne/exec/fake/fake.go:163.39,165.3 1 1
github.com/openconfig/kne/exec/fake/fake.go:166.2,166.39 1 1
github.com/openconfig/kne/exec/fake/fake.go:166.39,168.3 1 1
github.com/openconfig/kne/exec/fake/fake.go:169.2,169.27 1 1
github.com/openconfig/kne/exec/fake/fake.go:170.14,171.23 1 1
github.com/openconfig/kne/exec/fake/fake.go:172.13,173.11 1 1
github.com/openconfig/kne/exec/fake/fake.go:174.10,175.13 1 1
github.com/openconfig/kne/exec/fake/fake.go:186.36,188.20 2 1
github.com/openconfig/kne/exec/fake/fake.go:188.20,190.3 1 1
github.com/openconfig/kne/exec/fake/fake.go:191.2,191.23 1 1
github.com/openconfig/kne/exec/fake/fake.go:191.23,193.30 2 1
github.com/openconfig/kne/exec/fake/fake.go:193.30,195.4 1 1
github.com/openconfig/kne/exec/fake/fake.go:197.2,197.27 1 1
github.com/openconfig/kne/exec/fake/fake.go:197.27,198.24 1 1
github.com/openconfig/kne/exec/fake/fake.go:198.24,200.4 1 1
github.com/openconfig/kne/exec/fake/fake.go:201.3,202.34 2 1
github.com/openconfig/kne/exec/fake/fake.go:202.34,204.4 1 1
github.com/openconfig/kne/exec/fake/fake.go:206.2,206.21 1 1
github.com/openconfig/kne/exec/fake/fake.go:213.32,215.46 2 1
github.com/openconfig/kne/exec/fake/fake.go:215.46,217.3 1 1
github.com/openconfig/kne/exec/fake/fake.go:218.2,219.18 2 1
github.com/openconfig/kne/exec/fake/fake.go:219.18,221.3 1 1
github.com/openconfig/kne/exec/fake/fake.go:222.2,226.3 1 1
github.com/openconfig/kne/exec/fake/fake.go:230.37,232.32 2 1
github.com/openconfig/kne/exec/fake/fake.go:232.32,233.18 1 1
github.com/openconfig/kne/exec/fake/fake.go:233.18,235.4 1 1
github.com/openconfig/kne/exec/fake/fake.go:237.2,237.13 1 1
github.com/openconfig/kne/exec/fake/fake.go:241.44,242.35 1 1
github.com/openconfig/kne/exec/fake/fake.go:242.35,244.3 1 1
github.com/openconfig/kne/exec/fake/fake.go:245.2,245.36 1 1
github.com/openconfig/kne/exec/fake/fake.go:251.51,252.35 1 1
github.com/openconfig/kne/exec/fake/fake.go:252.35,254.3 1 1
github.com/openconfig/kne/exec/fake/fake.go:255.2,255.30 1 1
github.com/openconfig/kne/exec/fake/fake.go:255.30,257.10 2 1
github.com/openconfig/kne/exec/fake/fake.go:258.20,259.12 1 1
github.com/openconfig/kne/exec/fake/fake.go:260.38,261.40 1 1
github.com/openconfig/kne/exec/fake/fake.go:261.40,262.13 1 1
github.com/openconfig/kne/exec/fake/fake.go:264.38,265.50 1 1
github.com/openconfig/kne/exec/fake/fake.go:265.50,266.13 1 1
github.com/openconfig/kne/exec/fake/fake.go:269.3,269.15 1 1
github.com/openconfig/kne/exec/fake/fake.go:271.2,271.13 1 1
github.com/openconfig/kne/exec/exec.go:34.49,39.2 4 1
github.com/openconfig/kne/exec/exec.go:47.41,47.61 1 1
github.com/openconfig/kne/exec/exec.go:48.41,48.61 1 1
github.com/openconfig/kne/exec/exec.go:49.30,50.36 1 1
github.com/openconfig/kne/exec/exec.go:50.36,52.3 1 1
github.com/openconfig/kne/exec/exec.go:53.2,53.12 1 1
github.com/openconfig/kne/logshim/logshim.go:43.40,51.12 3 1
github.com/openconfig/kne/logshim/logshim.go:51.12,52.7 1 1
github.com/openconfig/kne/logshim/logshim.go:52.7,53.11 1 1
github.com/openconfig/kne/logshim/logshim.go:54.21,55.14 1 1
github.com/openconfig/kne/logshim/logshim.go:56.20,59.11 3 1
github.com/openconfig/kne/logshim/logshim.go:63.2,63.10 1 1
github.com/openconfig/kne/logshim/logshim.go:68.24,71.2 2 1
github.com/openconfig/kne/logshim/logshim.go:74.47,84.29 5 1
github.com/openconfig/kne/logshim/logshim.go:84.29,89.3 4 1
github.com/openconfig/kne/logshim/logshim.go:89.8,91.3 1 0
github.com/openconfig/kne/logshim/logshim.go:92.2,94.29 2 1
github.com/openconfig/kne/logshim/logshim.go:94.29,95.20 1 1
github.com/openconfig/kne/logshim/logshim.go:95.20,97.4 1 1
github.com/openconfig/kne/logshim/logshim.go:99.2,99.15 1 1
github.com/openconfig/kne/logshim/logshim.go:103.24,110.19 6 1
github.com/openconfig/kne/logshim/logshim.go:110.19,112.3 1 1
github.com/openconfig/kne/logshim/logshim.go:113.2,113.24 1 1
github.com/openconfig/kne/logshim/logshim.go:113.24,115.3 1 1
github.com/openconfig/kne/deploy/deploy.go:45.51,47.47 2 1
github.com/openconfig/kne/deploy/deploy.go:47.47,49.3 1 0
github.com/openconfig/kne/deploy/deploy.go:50.2,50.47 1 1
github.com/openconfig/kne/deploy/deploy.go:50.47,52.3 1 0
github.com/openconfig/kne/deploy/deploy.go:53.2,53.15 1 1
github.com/openconfig/kne/deploy/deploy.go:53.15,56.3 2 1
github.com/openconfig/kne/deploy/deploy.go:57.2,59.16 3 1
github.com/openconfig/kne/deploy/deploy.go:64.61,70.2 5 1
github.com/openconfig/kne/deploy/deploy.go:115.38,118.2 2 0
github.com/openconfig/kne/deploy/deploy.go:120.48,122.52 2 0
github.com/openconfig/kne/deploy/deploy.go:122.52,123.46 1 0
github.com/openconfig/kne/deploy/deploy.go:123.46,125.4 1 0
github.com/openconfig/kne/deploy/deploy.go:127.2,127.19 1 0
github.com/openconfig/kne/deploy/deploy.go:136.72,137.46 1 0
github.com/openconfig/kne/deploy/deploy.go:137.46,139.3 1 0
github.com/openconfig/kne/deploy/deploy.go:140.2,141.46 2 0
github.com/openconfig/kne/deploy/deploy.go:141.46,143.3 1 0
github.com/openconfig/kne/deploy/deploy.go:144.2,145.44 2 0
github.com/openconfig/kne/deploy/deploy.go:145.44,147.3 1 0
github.com/openconfig/kne/deploy/deploy.go:148.2,151.16 3 0
github.com/openconfig/kne/deploy/deploy.go:151.16,153.3 1 0
github.com/openconfig/kne/deploy/deploy.go:154.2,155.16 2 0
github.com/openconfig/kne/deploy/deploy.go:155.16,157.3 1 0
github.com/openconfig/kne/deploy/deploy.go:159.2,161.16 3 0
github.com/openconfig/kne/deploy/deploy.go:161.16,163.3 1 0
github.com/openconfig/kne/deploy/deploy.go:164.2,165.58 2 0
github.com/openconfig/kne/deploy/deploy.go:165.58,167.3 1 0
github.com/openconfig/kne/deploy/deploy.go:168.2,169.16 2 0
github.com/openconfig/kne/deploy/deploy.go:169.16,171.3 1 0
github.com/openconfig/kne/deploy/deploy.go:172.2,173.16 2 0
github.com/openconfig/kne/deploy/deploy.go:173.16,175.3 1 0
github.com/openconfig/kne/deploy/deploy.go:176.2,178.41 3 0
github.com/openconfig/kne/deploy/deploy.go:178.41,180.3 1 0
github.com/openconfig/kne/deploy/deploy.go:181.2,182.41 2 0
github.com/openconfig/kne/deploy/deploy.go:182.41,184.3 1 0
github.com/openconfig/kne/deploy/deploy.go:185.2,192.46 6 0
github.com/openconfig/kne/deploy/deploy.go:192.46,194.3 1 0
github.com/openconfig/kne/deploy/deploy.go:195.2,197.48 3 0
github.com/openconfig/kne/deploy/deploy.go:197.48,199.3 1 0
github.com/openconfig/kne/deploy/deploy.go:200.2,202.42 3 0
github.com/openconfig/kne/deploy/deploy.go:202.42,204.3 1 0
github.com/openconfig/kne/deploy/deploy.go:205.2,208.44 4 0
github.com/openconfig/kne/deploy/deploy.go:208.44,210.3 1 0
github.com/openconfig/kne/deploy/deploy.go:211.2,212.34 2 0
github.com/openconfig/kne/deploy/deploy.go:212.34,214.39 2 0
github.com/openconfig/kne/deploy/deploy.go:214.39,216.4 1 0
github.com/openconfig/kne/deploy/deploy.go:217.3,220.41 4 0
github.com/openconfig/kne/deploy/deploy.go:220.41,222.4 1 0
github.com/openconfig/kne/deploy/deploy.go:224.2,225.12 2 0
github.com/openconfig/kne/deploy/deploy.go:228.37,230.43 2 0
github.com/openconfig/kne/deploy/deploy.go:230.43,232.3 1 0
github.com/openconfig/kne/deploy/deploy.go:233.2,234.12 2 0
github.com/openconfig/kne/deploy/deploy.go:237.57,238.44 1 0
github.com/openconfig/kne/deploy/deploy.go:238.44,240.3 1 0
github.com/openconfig/kne/deploy/deploy.go:241.2,244.48 4 0
github.com/openconfig/kne/deploy/deploy.go:244.48,246.3 1 0
github.com/openconfig/kne/deploy/deploy.go:247.2,250.44 4 0
github.com/openconfig/kne/deploy/deploy.go:250.44,252.3 1 0
github.com/openconfig/kne/deploy/deploy.go:253.2,254.34 2 0
github.com/openconfig/kne/deploy/deploy.go:254.34,257.41 3 0
github.com/openconfig/kne/deploy/deploy.go:257.41,259.4 1 0
github.com/openconfig/kne/deploy/deploy.go:261.2,262.12 2 0
github.com/openconfig/kne/deploy/deploy.go:269.58,272.2 2 0
github.com/openconfig/kne/deploy/deploy.go:274.39,277.2 2 0
github.com/openconfig/kne/deploy/deploy.go:279.40,280.62 1 0
github.com/openconfig/kne/deploy/deploy.go:280.62,282.3 1 0
github.com/openconfig/kne/deploy/deploy.go:283.2,283.12 1 0
github.com/openconfig/kne/deploy/deploy.go:286.41,288.2 1 0
github.com/openconfig/kne/deploy/deploy.go:290.62,292.2 1 0
github.com/openconfig/kne/deploy/deploy.go:314.34,316.2 1 1
github.com/openconfig/kne/deploy/deploy.go:318.40,319.24 1 1
github.com/openconfig/kne/deploy/deploy.go:319.24,320.25 1 1
github.com/openconfig/kne/deploy/deploy.go:320.25,322.4 1 1
github.com/openconfig/kne/deploy/deploy.go:323.3,323.27 1 0
github.com/openconfig/kne/deploy/deploy.go:325.2,325.26 1 1
github.com/openconfig/kne/deploy/deploy.go:330.45,332.24 2 1
github.com/openconfig/kne/deploy/deploy.go:332.24,334.3 1 1
github.com/openconfig/kne/deploy/deploy.go:335.2,337.42 3 1
github.com/openconfig/kne/deploy/deploy.go:337.42,339.3 1 1
github.com/openconfig/kne/deploy/deploy.go:340.2,341.16 2 1
github.com/openconfig/kne/deploy/deploy.go:341.16,343.3 1 1
github.com/openconfig/kne/deploy/deploy.go:344.2,345.16 2 1
github.com/openconfig/kne/deploy/deploy.go:345.16,347.3 1 1
github.com/openconfig/kne/deploy/deploy.go:348.2,349.16 2 1
github.com/openconfig/kne/deploy/deploy.go:349.16,351.3 1 1
github.com/openconfig/kne/deploy/deploy.go:352.2,352.15 1 1
github.com/openconfig/kne/deploy/deploy.go:355.46,358.27 3 1
github.com/openconfig/kne/deploy/deploy.go:358.27,359.46 1 1
github.com/openconfig/kne/deploy/deploy.go:359.46,361.4 1 1
github.com/openconfig/kne/deploy/deploy.go:363.2,363.23 1 1
github.com/openconfig/kne/deploy/deploy.go:363.23,365.3 1 1
github.com/openconfig/kne/deploy/deploy.go:366.2,366.21 1 1
github.com/openconfig/kne/deploy/deploy.go:366.21,368.17 2 1
github.com/openconfig/kne/deploy/deploy.go:368.17,370.4 1 1
github.com/openconfig/kne/deploy/deploy.go:372.3,373.17 2 1
github.com/openconfig/kne/deploy/deploy.go:373.17,375.4 1 1
github.com/openconfig/kne/deploy/deploy.go:377.3,378.27 2 1
github.com/openconfig/kne/deploy/deploy.go:378.27,380.4 1 1
github.com/openconfig/kne/deploy/deploy.go:382.3,383.17 2 1
github.com/openconfig/kne/deploy/deploy.go:383.17,385.4 1 1
github.com/openconfig/kne/deploy/deploy.go:386.3,386.23 1 1
github.com/openconfig/kne/deploy/deploy.go:386.23,388.4 1 0
github.com/openconfig/kne/deploy/deploy.go:389.3,389.63 1 1
github.com/openconfig/kne/deploy/deploy.go:391.2,391.12 1 1
github.com/openconfig/kne/deploy/deploy.go:394.35,395.15 1 1
github.com/openconfig/kne/deploy/deploy.go:395.15,397.108 2 1
github.com/openconfig/kne/deploy/deploy.go:397.108,400.4 2 1
github.com/openconfig/kne/deploy/deploy.go:402.2,403.18 2 1
github.com/openconfig/kne/deploy/deploy.go:403.18,405.3 1 1
github.com/openconfig/kne/deploy/deploy.go:406.2,406.19 1 1
github.com/openconfig/kne/deploy/deploy.go:406.19,408.3 1 1
github.com/openconfig/kne/deploy/deploy.go:409.2,409.14 1 1
github.com/openconfig/kne/deploy/deploy.go:409.14,411.3 1 1
github.com/openconfig/kne/deploy/deploy.go:412.2,412.17 1 1
github.com/openconfig/kne/deploy/deploy.go:412.17,414.3 1 1
github.com/openconfig/kne/deploy/deploy.go:415.2,415.21 1 1
github.com/openconfig/kne/deploy/deploy.go:415.21,417.3 1 1
github.com/openconfig/kne/deploy/deploy.go:418.2,418.28 1 1
github.com/openconfig/kne/deploy/deploy.go:418.28,420.3 1 1
github.com/openconfig/kne/deploy/deploy.go:421.2,422.52 2 1
github.com/openconfig/kne/deploy/deploy.go:422.52,424.3 1 1
github.com/openconfig/kne/deploy/deploy.go:425.2,426.12 2 1
github.com/openconfig/kne/deploy/deploy.go:429.54,430.46 1 1
github.com/openconfig/kne/deploy/deploy.go:430.46,432.3 1 1
github.com/openconfig/kne/deploy/deploy.go:434.2,434.35 1 1
github.com/openconfig/kne/deploy/deploy.go:434.35,436.3 1 1
github.com/openconfig/kne/deploy/deploy.go:438.2,438.42 1 1
github.com/openconfig/kne/deploy/deploy.go:438.42,440.65 2 1
github.com/openconfig/kne/deploy/deploy.go:440.65,442.4 1 1
github.com/openconfig/kne/deploy/deploy.go:445.2,445.42 1 1
github.com/openconfig/kne/deploy/deploy.go:445.42,447.66 2 1
github.com/openconfig/kne/deploy/deploy.go:447.66,449.4 1 1
github.com/openconfig/kne/deploy/deploy.go:452.2,452.33 1 1
github.com/openconfig/kne/deploy/deploy.go:452.33,454.49 2 1
github.com/openconfig/kne/deploy/deploy.go:454.49,456.4 1 1
github.com/openconfig/kne/deploy/deploy.go:459.2,459.12 1 1
github.com/openconfig/kne/deploy/deploy.go:462.35,464.18 2 0
github.com/openconfig/kne/deploy/deploy.go:464.18,466.3 1 0
github.com/openconfig/kne/deploy/deploy.go:467.2,467.52 1 0
github.com/openconfig/kne/deploy/deploy.go:467.52,469.3 1 0
github.com/openconfig/kne/deploy/deploy.go:470.2,470.12 1 0
github.com/openconfig/kne/deploy/deploy.go:473.36,474.112 1 0
github.com/openconfig/kne/deploy/deploy.go:474.112,476.3 1 0
github.com/openconfig/kne/deploy/deploy.go:477.2,477.12 1 0
github.com/openconfig/kne/deploy/deploy.go:480.37,481.18 1 0
github.com/openconfig/kne/deploy/deploy.go:481.18,483.3 1 0
github.com/openconfig/kne/deploy/deploy.go:484.2,484.15 1 0
github.com/openconfig/kne/deploy/deploy.go:487.58,489.2 1 0
github.com/openconfig/kne/deploy/deploy.go:491.81,498.16 2 1
github.com/openconfig/kne/deploy/deploy.go:498.16,500.3 1 0
github.com/openconfig/kne/deploy/deploy.go:501.2,504.69 4 1
github.com/openconfig/kne/deploy/deploy.go:504.69,506.3 1 0
github.com/openconfig/kne/deploy/deploy.go:507.2,508.82 2 1
github.com/openconfig/kne/deploy/deploy.go:508.82,510.3 1 0
github.com/openconfig/kne/deploy/deploy.go:511.2,512.16 2 1
github.com/openconfig/kne/deploy/deploy.go:512.16,514.3 1 1
github.com/openconfig/kne/deploy/deploy.go:515.2,516.16 2 1
github.com/openconfig/kne/deploy/deploy.go:516.16,518.3 1 1
github.com/openconfig/kne/deploy/deploy.go:521.2,521.47 1 1
github.com/openconfig/kne/deploy/deploy.go:521.47,523.110 2 1
github.com/openconfig/kne/deploy/deploy.go:523.110,525.4 1 1
github.com/openconfig/kne/deploy/deploy.go:527.2,528.18 2 1
github.com/openconfig/kne/deploy/deploy.go:528.18,530.3 1 1
github.com/openconfig/kne/deploy/deploy.go:531.2,532.16 2 1
github.com/openconfig/kne/deploy/deploy.go:532.16,534.3 1 1
github.com/openconfig/kne/deploy/deploy.go:537.2,537.57 1 1
github.com/openconfig/kne/deploy/deploy.go:537.57,539.110 2 1
github.com/openconfig/kne/deploy/deploy.go:539.110,541.4 1 1
github.com/openconfig/kne/deploy/deploy.go:542.3,542.103 1 1
github.com/openconfig/kne/deploy/deploy.go:542.103,544.4 1 1
github.com/openconfig/kne/deploy/deploy.go:546.2,547.12 2 1
github.com/openconfig/kne/deploy/deploy.go:550.48,551.38 1 1
github.com/openconfig/kne/deploy/deploy.go:551.38,552.14 1 1
github.com/openconfig/kne/deploy/deploy.go:552.14,554.4 1 1
github.com/openconfig/kne/deploy/deploy.go:555.3,555.14 1 1
github.com/openconfig/kne/deploy/deploy.go:555.14,558.4 2 1
github.com/openconfig/kne/deploy/deploy.go:558.9,560.4 1 1
github.com/openconfig/kne/deploy/deploy.go:561.3,561.57 1 1
github.com/openconfig/kne/deploy/deploy.go:561.57,563.4 1 1
github.com/openconfig/kne/deploy/deploy.go:564.3,564.13 1 1
github.com/openconfig/kne/deploy/deploy.go:564.13,565.60 1 1
github.com/openconfig/kne/deploy/deploy.go:565.60,567.5 1 1
github.com/openconfig/kne/deploy/deploy.go:569.3,570.19 2 1
github.com/openconfig/kne/deploy/deploy.go:570.19,572.4 1 1
github.com/openconfig/kne/deploy/deploy.go:573.3,573.53 1 1
github.com/openconfig/kne/deploy/deploy.go:573.53,575.4 1 1
github.com/openconfig/kne/deploy/deploy.go:577.2,578.12 2 1
github.com/openconfig/kne/deploy/deploy.go:585.64,587.31 2 1
github.com/openconfig/kne/deploy/deploy.go:587.31,589.3 1 1
github.com/openconfig/kne/deploy/deploy.go:590.2,591.16 2 1
github.com/openconfig/kne/deploy/deploy.go:591.16,593.3 1 0
github.com/openconfig/kne/deploy/deploy.go:594.2,595.16 2 1
github.com/openconfig/kne/deploy/deploy.go:595.16,597.3 1 0
github.com/openconfig/kne/deploy/deploy.go:598.2,599.38 2 1
github.com/openconfig/kne/deploy/deploy.go:599.38,601.3 1 0
github.com/openconfig/kne/deploy/deploy.go:602.2,602.12 1 1
github.com/openconfig/kne/deploy/deploy.go:617.58,619.2 1 1
github.com/openconfig/kne/deploy/deploy.go:621.49,623.2 1 0
github.com/openconfig/kne/deploy/deploy.go:625.65,627.2 1 0
github.com/openconfig/kne/deploy/deploy.go:629.30,630.14 1 1
github.com/openconfig/kne/deploy/deploy.go:630.14,631.37 1 1
github.com/openconfig/kne/deploy/deploy.go:631.37,633.17 2 1
github.com/openconfig/kne/deploy/deploy.go:633.17,634.10 1 1
github.com/openconfig/kne/deploy/deploy.go:637.3,637.8 1 1
github.com/openconfig/kne/deploy/deploy.go:641.65,657.2 7 1
github.com/openconfig/kne/deploy/deploy.go:659.57,661.22 2 1
github.com/openconfig/kne/deploy/deploy.go:661.22,663.17 2 1
github.com/openconfig/kne/deploy/deploy.go:663.17,665.4 1 0
github.com/openconfig/kne/deploy/deploy.go:667.2,667.22 1 1
github.com/openconfig/kne/deploy/deploy.go:667.22,669.17 2 0
github.com/openconfig/kne/deploy/deploy.go:669.17,671.4 1 0
github.com/openconfig/kne/deploy/deploy.go:674.2,675.27 2 1
github.com/openconfig/kne/deploy/deploy.go:675.27,677.17 2 1
github.com/openconfig/kne/deploy/deploy.go:677.17,679.4 1 0
github.com/openconfig/kne/deploy/deploy.go:680.3,681.52 2 1
github.com/openconfig/kne/deploy/deploy.go:681.52,683.4 1 0
github.com/openconfig/kne/deploy/deploy.go:684.3,684.35 1 1
github.com/openconfig/kne/deploy/deploy.go:684.35,686.4 1 0
github.com/openconfig/kne/deploy/deploy.go:687.3,687.24 1 1
github.com/openconfig/kne/deploy/deploy.go:689.2,689.45 1 1
github.com/openconfig/kne/deploy/deploy.go:689.45,692.3 2 0
github.com/openconfig/kne/deploy/deploy.go:693.2,694.73 2 1
github.com/openconfig/kne/deploy/deploy.go:694.73,696.3 1 1
github.com/openconfig/kne/deploy/deploy.go:697.2,697.116 1 1
github.com/openconfig/kne/deploy/deploy.go:697.116,700.41 3 1
github.com/openconfig/kne/deploy/deploy.go:700.41,702.4 1 0
github.com/openconfig/kne/deploy/deploy.go:703.3,711.112 2 1
github.com/openconfig/kne/deploy/deploy.go:711.112,713.4 1 1
github.com/openconfig/kne/deploy/deploy.go:717.2,717.39 1 1
github.com/openconfig/kne/deploy/deploy.go:717.39,719.3 1 0
github.com/openconfig/kne/deploy/deploy.go:721.2,721.118 1 1
github.com/openconfig/kne/deploy/deploy.go:721.118,725.17 3 1
github.com/openconfig/kne/deploy/deploy.go:725.17,727.4 1 1
github.com/openconfig/kne/deploy/deploy.go:728.3,729.24 2 1
github.com/openconfig/kne/deploy/deploy.go:729.24,731.18 2 1
github.com/openconfig/kne/deploy/deploy.go:731.18,733.5 1 1
github.com/openconfig/kne/deploy/deploy.go:734.4,734.22 1 1
github.com/openconfig/kne/deploy/deploy.go:734.22,736.10 2 1
github.com/openconfig/kne/deploy/deploy.go:739.3,740.47 2 1
github.com/openconfig/kne/deploy/deploy.go:740.47,742.18 2 1
github.com/openconfig/kne/deploy/deploy.go:742.18,744.5 1 0
github.com/openconfig/kne/deploy/deploy.go:745.4,745.29 1 1
github.com/openconfig/kne/deploy/deploy.go:745.29,747.10 2 1
github.com/openconfig/kne/deploy/deploy.go:750.3,750.15 1 1
github.com/openconfig/kne/deploy/deploy.go:750.15,752.4 1 0
github.com/openconfig/kne/deploy/deploy.go:753.3,755.21 3 1
github.com/openconfig/kne/deploy/deploy.go:755.21,757.34 2 1
github.com/openconfig/kne/deploy/deploy.go:757.34,758.10 1 1
github.com/openconfig/kne/deploy/deploy.go:760.4,761.31 2 0
github.com/openconfig/kne/deploy/deploy.go:763.3,763.17 1 1
github.com/openconfig/kne/deploy/deploy.go:763.17,765.4 1 0
github.com/openconfig/kne/deploy/deploy.go:766.3,775.117 2 1
github.com/openconfig/kne/deploy/deploy.go:775.117,777.4 1 0
github.com/openconfig/kne/deploy/deploy.go:779.2,779.12 1 1
github.com/openconfig/kne/deploy/deploy.go:782.58,784.2 1 1
github.com/openconfig/kne/deploy/deploy.go:793.58,795.2 1 1
github.com/openconfig/kne/deploy/deploy.go:797.57,798.27 1 1
github.com/openconfig/kne/deploy/deploy.go:798.27,800.17 2 1
github.com/openconfig/kne/deploy/deploy.go:800.17,802.4 1 0
github.com/openconfig/kne/deploy/deploy.go:803.3,804.52 2 1
github.com/openconfig/kne/deploy/deploy.go:804.52,806.4 1 0
github.com/openconfig/kne/deploy/deploy.go:807.3,807.35 1 1
github.com/openconfig/kne/deploy/deploy.go:807.35,809.4 1 0
github.com/openconfig/kne/deploy/deploy.go:810.3,810.24 1 1
github.com/openconfig/kne/deploy/deploy.go:812.2,812.45 1 1
github.com/openconfig/kne/deploy/deploy.go:812.45,815.3 2 0
github.com/openconfig/kne/deploy/deploy.go:816.2,817.73 2 1
github.com/openconfig/kne/deploy/deploy.go:817.73,819.3 1 1
github.com/openconfig/kne/deploy/deploy.go:820.2,821.12 2 1
github.com/openconfig/kne/deploy/deploy.go:824.58,829.16 3 1
github.com/openconfig/kne/deploy/deploy.go:829.16,831.3 1 0
github.com/openconfig/kne/deploy/deploy.go:832.2,832.6 1 1
github.com/openconfig/kne/deploy/deploy.go:832.6,833.10 1 1
github.com/openconfig/kne/deploy/deploy.go:834.21,835.56 1 1
github.com/openconfig/kne/deploy/deploy.go:836.34,837.11 1 1
github.com/openconfig/kne/deploy/deploy.go:837.11,839.5 1 0
github.com/openconfig/kne/deploy/deploy.go:840.4,841.11 2 1
github.com/openconfig/kne/deploy/deploy.go:841.11,843.5 1 0
github.com/openconfig/kne/deploy/deploy.go:844.4,845.37 1 1
github.com/openconfig/kne/deploy/deploy.go:845.37,848.5 2 1
github.com/openconfig/kne/deploy/deploy.go:860.58,862.2 1 1
github.com/openconfig/kne/deploy/deploy.go:864.57,865.27 1 1
github.com/openconfig/kne/deploy/deploy.go:865.27,867.17 2 1
github.com/openconfig/kne/deploy/deploy.go:867.17,869.4 1 0
github.com/openconfig/kne/deploy/deploy.go:870.3,871.52 2 1
github.com/openconfig/kne/deploy/deploy.go:871.52,873.4 1 0
github.com/openconfig/kne/deploy/deploy.go:874.3,874.35 1 1
github.com/openconfig/kne/deploy/deploy.go:874.35,876.4 1 0
github.com/openconfig/kne/deploy/deploy.go:877.3,877.24 1 1
github.com/openconfig/kne/deploy/deploy.go:879.2,879.45 1 1
github.com/openconfig/kne/deploy/deploy.go:879.45,882.3 2 0
github.com/openconfig/kne/deploy/deploy.go:883.2,884.73 2 1
github.com/openconfig/kne/deploy/deploy.go:884.73,886.3 1 1
github.com/openconfig/kne/deploy/deploy.go:887.2,888.12 2 1
github.com/openconfig/kne/deploy/deploy.go:891.58,893.2 1 1
github.com/openconfig/kne/deploy/deploy.go:902.58,904.2 1 1
github.com/openconfig/kne/deploy/deploy.go:906.57,907.27 1 1
github.com/openconfig/kne/deploy/deploy.go:907.27,909.17 2 1
github.com/openconfig/kne/deploy/deploy.go:909.17,911.4 1 0
github.com/openconfig/kne/deploy/deploy.go:912.3,913.52 2 1
github.com/openconfig/kne/deploy/deploy.go:913.52,915.4 1 0
github.com/openconfig/kne/deploy/deploy.go:916.3,916.35 1 1
github.com/openconfig/kne/deploy/deploy.go:916.35,918.4 1 0
github.com/openconfig/kne/deploy/deploy.go:919.3,919.24 1 1
github.com/openconfig/kne/deploy/deploy.go:921.2,921.45 1 1
github.com/openconfig/kne/deploy/deploy.go:921.45,924.3 2 0
github.com/openconfig/kne/deploy/deploy.go:925.2,926.73 2 1
github.com/openconfig/kne/deploy/deploy.go:926.73,928.3 1 1
github.com/openconfig/kne/deploy/deploy.go:929.2,930.12 2 1
github.com/openconfig/kne/deploy/deploy.go:933.58,935.2 1 1
github.com/openconfig/kne/deploy/deploy.go:944.58,946.2 1 1
github.com/openconfig/kne/deploy/deploy.go:948.57,949.27 1 1
github.com/openconfig/kne/deploy/deploy.go:949.27,951.17 2 1
github.com/openconfig/kne/deploy/deploy.go:951.17,953.4 1 0
github.com/openconfig/kne/deploy/deploy.go:954.3,955.52 2 1
github.com/openconfig/kne/deploy/deploy.go:955.52,957.4 1 0
github.com/openconfig/kne/deploy/deploy.go:958.3,958.35 1 1
github.com/openconfig/kne/deploy/deploy.go:958.35,960.4 1 0
github.com/openconfig/kne/deploy/deploy.go:961.3,961.24 1 1
github.com/openconfig/kne/deploy/deploy.go:963.2,963.45 1 1
github.com/openconfig/kne/deploy/deploy.go:963.45,966.3 2 0
github.com/openconfig/kne/deploy/deploy.go:967.2,968.73 2 1
github.com/openconfig/kne/deploy/deploy.go:968.73,970.3 1 1
github.com/openconfig/kne/deploy/deploy.go:971.2,972.12 2 1
github.com/openconfig/kne/deploy/deploy.go:975.58,977.2 1 1
github.com/openconfig/kne/deploy/deploy.go:988.57,990.2 1 1
github.com/openconfig/kne/deploy/deploy.go:992.56,993.27 1 1
github.com/openconfig/kne/deploy/deploy.go:993.27,995.17 2 1
github.com/openconfig/kne/deploy/deploy.go:995.17,997.4 1 0
github.com/openconfig/kne/deploy/deploy.go:998.3,999.52 2 1
github.com/openconfig/kne/deploy/deploy.go:999.52,1001.4 1 0
github.com/openconfig/kne/deploy/deploy.go:1002.3,1002.35 1 1
github.com/openconfig/kne/deploy/deploy.go:1002.35,1004.4 1 0
github.com/openconfig/kne/deploy/deploy.go:1005.3,1005.24 1 1
github.com/openconfig/kne/deploy/deploy.go:1007.2,1007.45 1 1
github.com/openconfig/kne/deploy/deploy.go:1007.45,1010.3 2 0
github.com/openconfig/kne/deploy/deploy.go:1011.2,1012.73 2 1
github.com/openconfig/kne/deploy/deploy.go:1012.73,1014.3 1 1
github.com/openconfig/kne/deploy/deploy.go:1016.2,1016.46 1 1
github.com/openconfig/kne/deploy/deploy.go:1016.46,1017.81 1 0
github.com/openconfig/kne/deploy/deploy.go:1017.81,1019.43 2 0
github.com/openconfig/kne/deploy/deploy.go:1019.43,1022.10 3 0
github.com/openconfig/kne/deploy/deploy.go:1027.2,1027.49 1 1
github.com/openconfig/kne/deploy/deploy.go:1027.49,1030.3 2 1
github.com/openconfig/kne/deploy/deploy.go:1031.2,1031.28 1 1
github.com/openconfig/kne/deploy/deploy.go:1031.28,1033.17 2 1
github.com/openconfig/kne/deploy/deploy.go:1033.17,1035.4 1 0
github.com/openconfig/kne/deploy/deploy.go:1036.3,1037.53 2 1
github.com/openconfig/kne/deploy/deploy.go:1037.53,1039.4 1 0
github.com/openconfig/kne/deploy/deploy.go:1040.3,1040.35 1 1
github.com/openconfig/kne/deploy/deploy.go:1040.35,1042.4 1 0
github.com/openconfig/kne/deploy/deploy.go:1043.3,1043.25 1 1
github.com/openconfig/kne/deploy/deploy.go:1045.2,1046.74 2 1
github.com/openconfig/kne/deploy/deploy.go:1046.74,1048.3 1 1
github.com/openconfig/kne/deploy/deploy.go:1049.2,1050.12 2 1
github.com/openconfig/kne/deploy/deploy.go:1053.57,1055.2 1 1
github.com/openconfig/kne/deploy/deploy.go:1057.88,1060.16 3 1
github.com/openconfig/kne/deploy/deploy.go:1060.16,1062.3 1 0
github.com/openconfig/kne/deploy/deploy.go:1063.2,1064.6 2 1
github.com/openconfig/kne/deploy/deploy.go:1064.6,1065.10 1 1
github.com/openconfig/kne/deploy/deploy.go:1066.21,1067.56 1 1
github.com/openconfig/kne/deploy/deploy.go:1068.22,1069.11 1 1
github.com/openconfig/kne/deploy/deploy.go:1069.11,1071.5 1 0
github.com/openconfig/kne/deploy/deploy.go:1072.4,1073.11 2 1
github.com/openconfig/kne/deploy/deploy.go:1073.11,1075.5 1 0
github.com/openconfig/kne/deploy/deploy.go:1076.4,1077.30 2 1
github.com/openconfig/kne/deploy/deploy.go:1077.30,1079.5 1 1
github.com/openconfig/kne/deploy/deploy.go:1080.4,1084.35 1 1
github.com/openconfig/kne/deploy/deploy.go:1084.35,1087.5 2 1
github.com/openconfig/kne/topo/node/host/host.go:23.50,24.21 1 1
github.com/openconfig/kne/topo/node/host/host.go:24.21,26.3 1 1
github.com/openconfig/kne/topo/node/host/host.go:27.2,27.27 1 1
github.com/openconfig/kne/topo/node/host/host.go:27.27,29.3 1 1
github.com/openconfig/kne/topo/node/host/host.go:30.2,35.15 4 1
github.com/openconfig/kne/topo/node/host/host.go:42.39,43.22 1 1
github.com/openconfig/kne/topo/node/host/host.go:43.22,45.3 1 1
github.com/openconfig/kne/topo/node/host/host.go:46.2,46.43 1 1
github.com/openconfig/kne/topo/node/host/host.go:46.43,48.3 1 1
github.com/openconfig/kne/topo/node/host/host.go:49.2,49.34 1 1
github.com/openconfig/kne/topo/node/host/host.go:49.34,51.3 1 1
github.com/openconfig/kne/topo/node/host/host.go:52.2,52.27 1 1
github.com/openconfig/kne/topo/node/host/host.go:52.27,54.3 1 1
github.com/openconfig/kne/topo/node/host/host.go:55.2,55.32 1 1
github.com/openconfig/kne/topo/node/host/host.go:55.32,57.3 1 1
github.com/openconfig/kne/topo/node/host/host.go:58.2,58.32 1 1
github.com/openconfig/kne/topo/node/host/host.go:58.32,60.3 1 1
github.com/openconfig/kne/topo/node/host/host.go:61.2,61.11 1 1
github.com/openconfig/kne/topo/node/host/host.go:64.13,66.2 1 1
github.com/openconfig/kne/topo/node/node.go:97.41,99.33 2 1
github.com/openconfig/kne/topo/node/node.go:99.33,100.57 1 0
github.com/openconfig/kne/topo/node/node.go:102.2,103.13 2 1
github.com/openconfig/kne/topo/node/node.go:118.125,127.2 1 1
github.com/openconfig/kne/topo/node/node.go:129.37,131.2 1 0
github.com/openconfig/kne/topo/node/node.go:133.38,135.2 1 0
github.com/openconfig/kne/topo/node/node.go:137.79,141.45 3 0
github.com/openconfig/kne/topo/node/node.go:141.45,142.28 1 0
github.com/openconfig/kne/topo/node/node.go:142.28,144.4 1 0
github.com/openconfig/kne/topo/node/node.go:145.3,145.25 1 0
github.com/openconfig/kne/topo/node/node.go:145.25,147.4 1 0
github.com/openconfig/kne/topo/node/node.go:148.3,155.5 1 0
github.com/openconfig/kne/topo/node/node.go:160.2,169.8 1 0
github.com/openconfig/kne/topo/node/node.go:176.53,178.23 2 0
github.com/openconfig/kne/topo/node/node.go:178.23,183.3 1 0
github.com/openconfig/kne/topo/node/node.go:184.2,184.15 1 0
github.com/openconfig/kne/topo/node/node.go:187.79,191.28 2 0
github.com/openconfig/kne/topo/node/node.go:191.28,193.3 1 0
github.com/openconfig/kne/topo/node/node.go:194.2,194.31 1 0
github.com/openconfig/kne/topo/node/node.go:194.31,196.3 1 0
github.com/openconfig/kne/topo/node/node.go:197.2,197.10 1 0
github.com/openconfig/kne/topo/node/node.go:202.50,203.44 1 0
github.com/openconfig/kne/topo/node/node.go:203.44,205.3 1 0
github.com/openconfig/kne/topo/node/node.go:206.2,206.41 1 0
github.com/openconfig/kne/topo/node/node.go:206.41,208.3 1 0
github.com/openconfig/kne/topo/node/node.go:209.2,209.45 1 0
github.com/openconfig/kne/topo/node/node.go:209.45,211.3 1 0
github.com/openconfig/kne/topo/node/node.go:212.2,212.12 1 0
github.com/openconfig/kne/topo/node/node.go:216.56,219.47 3 0
github.com/openconfig/kne/topo/node/node.go:220.24,223.17 3 0
github.com/openconfig/kne/topo/node/node.go:223.17,225.4 1 0
github.com/openconfig/kne/topo/node/node.go:226.24,227.16 1 0
github.com/openconfig/kne/topo/node/node.go:229.2,229.17 1 0
github.com/openconfig/kne/topo/node/node.go:229.17,239.17 3 0
github.com/openconfig/kne/topo/node/node.go:239.17,241.4 1 0
github.com/openconfig/kne/topo/node/node.go:242.3,242.50 1 0
github.com/openconfig/kne/topo/node/node.go:244.2,244.12 1 0
github.com/openconfig/kne/topo/node/node.go:248.53,252.30 4 0
github.com/openconfig/kne/topo/node/node.go:252.30,254.3 1 0
github.com/openconfig/kne/topo/node/node.go:255.2,306.33 2 0
github.com/openconfig/kne/topo/node/node.go:306.33,317.41 2 0
github.com/openconfig/kne/topo/node/node.go:317.41,324.4 1 0
github.com/openconfig/kne/topo/node/node.go:326.2,327.16 2 0
github.com/openconfig/kne/topo/node/node.go:327.16,329.3 1 0
github.com/openconfig/kne/topo/node/node.go:330.2,331.12 2 0
github.com/openconfig/kne/topo/node/node.go:335.57,337.32 2 1
github.com/openconfig/kne/topo/node/node.go:337.32,340.3 2 1
github.com/openconfig/kne/topo/node/node.go:341.2,341.37 1 1
github.com/openconfig/kne/topo/node/node.go:341.37,343.17 2 1
github.com/openconfig/kne/topo/node/node.go:343.17,345.4 1 0
github.com/openconfig/kne/topo/node/node.go:346.3,346.21 1 1
github.com/openconfig/kne/topo/node/node.go:346.21,348.4 1 1
github.com/openconfig/kne/topo/node/node.go:349.3,355.22 2 1
github.com/openconfig/kne/topo/node/node.go:355.22,357.4 1 0
github.com/openconfig/kne/topo/node/node.go:358.3,358.21 1 1
github.com/openconfig/kne/topo/node/node.go:358.21,360.4 1 1
github.com/openconfig/kne/topo/node/node.go:361.3,361.42 1 1
github.com/openconfig/kne/topo/node/node.go:363.2,383.16 3 1
github.com/openconfig/kne/topo/node/node.go:383.16,385.3 1 1
github.com/openconfig/kne/topo/node/node.go:386.2,387.12 2 1
github.com/openconfig/kne/topo/node/node.go:391.50,393.44 1 0
github.com/openconfig/kne/topo/node/node.go:393.44,395.3 1 0
github.com/openconfig/kne/topo/node/node.go:396.2,396.45 1 0
github.com/openconfig/kne/topo/node/node.go:396.45,398.3 1 0
github.com/openconfig/kne/topo/node/node.go:400.2,400.46 1 0
github.com/openconfig/kne/topo/node/node.go:400.46,402.3 1 0
github.com/openconfig/kne/topo/node/node.go:403.2,403.12 1 0
github.com/openconfig/kne/topo/node/node.go:407.56,409.2 1 0
github.com/openconfig/kne/topo/node/node.go:412.57,419.2 1 0
github.com/openconfig/kne/topo/node/node.go:422.58,425.2 2 0
github.com/openconfig/kne/topo/node/node.go:429.115,439.18 3 0
github.com/openconfig/kne/topo/node/node.go:439.18,441.3 1 0
github.com/openconfig/kne/topo/node/node.go:442.2,448.16 3 0
github.com/openconfig/kne/topo/node/node.go:448.16,450.3 1 0
github.com/openconfig/kne/topo/node/node.go:451.2,456.4 2 0
github.com/openconfig/kne/topo/node/node.go:460.60,462.16 2 0
github.com/openconfig/kne/topo/node/node.go:462.16,464.3 1 0
github.com/openconfig/kne/topo/node/node.go:465.2,465.17 1 0
github.com/openconfig/kne/topo/node/node.go:465.17,467.3 1 0
github.com/openconfig/kne/topo/node/node.go:468.2,468.27 1 0
github.com/openconfig/kne/topo/node/node.go:469.24,470.27 1 0
github.com/openconfig/kne/topo/node/node.go:471.25,472.47 1 0
github.com/openconfig/kne/topo/node/node.go:472.47,473.75 1 0
github.com/openconfig/kne/topo/node/node.go:473.75,475.5 1 0
github.com/openconfig/kne/topo/node/node.go:478.2,478.27 1 0
github.com/openconfig/kne/topo/node/node.go:482.30,484.2 1 1
github.com/openconfig/kne/topo/node/node.go:487.65,489.16 2 0
github.com/openconfig/kne/topo/node/node.go:489.16,491.3 1 0
github.com/openconfig/kne/topo/node/node.go:493.2,493.30 1 0
github.com/openconfig/kne/topo/node/node.go:497.73,499.16 2 1
github.com/openconfig/kne/topo/node/node.go:499.16,501.3 1 0
github.com/openconfig/kne/topo/node/node.go:503.2,503.34 1 1
github.com/openconfig/kne/topo/node/node.go:506.40,509.17 3 1
github.com/openconfig/kne/topo/node/node.go:509.17,511.3 1 0
github.com/openconfig/kne/topo/node/node.go:512.2,512.23 1 1
github.com/openconfig/kne/topo/node/node.go:512.23,514.3 1 0
github.com/openconfig/kne/topo/node/node.go:516.2,516.41 1 1
github.com/openconfig/kne/topo/node/node.go:516.41,518.3 1 0
github.com/openconfig/kne/topo/node/node.go:519.2,519.50 1 1
github.com/openconfig/kne/topo/node/node.go:519.50,521.3 1 1
github.com/openconfig/kne/topo/node/node.go:522.2,522.90 1 0
github.com/openconfig/kne/topo/node/node.go:528.110,532.21 3 0
github.com/openconfig/kne/topo/node/node.go:532.21,534.3 1 0
github.com/openconfig/kne/topo/node/node.go:535.2,540.13 4 0
github.com/openconfig/kne/topo/node/node.go:545.103,546.24 1 0
github.com/openconfig/kne/topo/node/node.go:546.24,550.3 2 0
github.com/openconfig/kne/topo/node/node.go:552.2,552.6 1 0
github.com/openconfig/kne/topo/node/node.go:552.6,558.17 2 0
github.com/openconfig/kne/topo/node/node.go:558.17,561.4 2 0
github.com/openconfig/kne/topo/node/node.go:563.3,564.17 2 0
github.com/openconfig/kne/topo/node/node.go:564.17,567.4 2 0
github.com/openconfig/kne/topo/node/node.go:569.3,569.33 1 0
github.com/openconfig/kne/topo/node/node.go:569.33,572.12 3 0
github.com/openconfig/kne/topo/node/node.go:575.3,577.16 2 0
github.com/openconfig/kne/topo/node/ixia/ixia.go:19.50,20.21 1 1
github.com/openconfig/kne/topo/node/ixia/ixia.go:20.21,22.3 1 1
github.com/openconfig/kne/topo/node/ixia/ixia.go:23.2,23.27 1 1
github.com/openconfig/kne/topo/node/ixia/ixia.go:23.27,25.3 1 1
github.com/openconfig/kne/topo/node/ixia/ixia.go:26.2,33.15 5 1
github.com/openconfig/kne/topo/node/ixia/ixia.go:40.40,59.32 3 0
github.com/openconfig/kne/topo/node/ixia/ixia.go:59.32,62.3 2 0
github.com/openconfig/kne/topo/node/ixia/ixia.go:64.2,64.44 1 0
github.com/openconfig/kne/topo/node/ixia/ixia.go:64.44,69.3 1 0
github.com/openconfig/kne/topo/node/ixia/ixia.go:70.2,70.49 1 0
github.com/openconfig/kne/topo/node/ixia/ixia.go:70.49,75.3 1 0
github.com/openconfig/kne/topo/node/ixia/ixia.go:76.2,77.16 2 0
github.com/openconfig/kne/topo/node/ixia/ixia.go:80.68,82.16 2 0
github.com/openconfig/kne/topo/node/ixia/ixia.go:82.16,84.3 1 0
github.com/openconfig/kne/topo/node/ixia/ixia.go:86.2,87.16 2 0
github.com/openconfig/kne/topo/node/ixia/ixia.go:87.16,89.3 1 0
github.com/openconfig/kne/topo/node/ixia/ixia.go:91.2,91.17 1 0
github.com/openconfig/kne/topo/node/ixia/ixia.go:94.77,96.16 2 0
github.com/openconfig/kne/topo/node/ixia/ixia.go:96.16,98.3 1 0
github.com/openconfig/kne/topo/node/ixia/ixia.go:99.2,99.25 1 0
github.com/openconfig/kne/topo/node/ixia/ixia.go:102.113,106.30 3 0
github.com/openconfig/kne/topo/node/ixia/ixia.go:106.30,109.17 2 0
github.com/openconfig/kne/topo/node/ixia/ixia.go:109.17,111.4 1 0
github.com/openconfig/kne/topo/node/ixia/ixia.go:113.3,113.31 1 0
github.com/openconfig/kne/topo/node/ixia/ixia.go:113.31,115.4 1 0
github.com/openconfig/kne/topo/node/ixia/ixia.go:117.3,117.28 1 0
github.com/openconfig/kne/topo/node/ixia/ixia.go:117.28,120.4 2 0
github.com/openconfig/kne/topo/node/ixia/ixia.go:122.3,122.36 1 0
github.com/openconfig/kne/topo/node/ixia/ixia.go:125.2,125.80 1 0
github.com/openconfig/kne/topo/node/ixia/ixia.go:130.83,137.16 6 0
github.com/openconfig/kne/topo/node/ixia/ixia.go:137.16,139.3 1 0
github.com/openconfig/kne/topo/node/ixia/ixia.go:141.2,142.16 2 0
github.com/openconfig/kne/topo/node/ixia/ixia.go:142.16,144.3 1 0
github.com/openconfig/kne/topo/node/ixia/ixia.go:146.2,147.16 2 0
github.com/openconfig/kne/topo/node/ixia/ixia.go:147.16,149.3 1 0
github.com/openconfig/kne/topo/node/ixia/ixia.go:151.2,156.40 3 0
github.com/openconfig/kne/topo/node/ixia/ixia.go:156.40,158.10 2 0
github.com/openconfig/kne/topo/node/ixia/ixia.go:158.10,160.4 1 0
github.com/openconfig/kne/topo/node/ixia/ixia.go:162.3,163.10 2 0
github.com/openconfig/kne/topo/node/ixia/ixia.go:163.10,173.4 2 0
github.com/openconfig/kne/topo/node/ixia/ixia.go:175.3,182.5 1 0
github.com/openconfig/kne/topo/node/ixia/ixia.go:185.2,186.35 2 0
github.com/openconfig/kne/topo/node/ixia/ixia.go:186.35,188.3 1 0
github.com/openconfig/kne/topo/node/ixia/ixia.go:189.2,189.19 1 0
github.com/openconfig/kne/topo/node/ixia/ixia.go:193.50,198.16 4 0
github.com/openconfig/kne/topo/node/ixia/ixia.go:198.16,200.3 1 0
github.com/openconfig/kne/topo/node/ixia/ixia.go:202.2,203.16 2 0
github.com/openconfig/kne/topo/node/ixia/ixia.go:203.16,205.3 1 0
github.com/openconfig/kne/topo/node/ixia/ixia.go:207.2,213.16 5 0
github.com/openconfig/kne/topo/node/ixia/ixia.go:213.16,215.3 1 0
github.com/openconfig/kne/topo/node/ixia/ixia.go:217.2,217.12 1 0
github.com/openconfig/kne/topo/node/ixia/ixia.go:221.65,223.16 2 0
github.com/openconfig/kne/topo/node/ixia/ixia.go:223.16,225.3 1 0
github.com/openconfig/kne/topo/node/ixia/ixia.go:227.2,228.16 2 0
github.com/openconfig/kne/topo/node/ixia/ixia.go:228.16,230.3 1 0
github.com/openconfig/kne/topo/node/ixia/ixia.go:232.2,233.39 2 0
github.com/openconfig/kne/topo/node/ixia/ixia.go:233.39,234.28 1 0
github.com/openconfig/kne/topo/node/ixia/ixia.go:234.28,235.61 1 0
github.com/openconfig/kne/topo/node/ixia/ixia.go:235.61,237.10 2 0
github.com/openconfig/kne/topo/node/ixia/ixia.go:242.2,243.27 2 0
github.com/openconfig/kne/topo/node/ixia/ixia.go:243.27,244.58 1 0
github.com/openconfig/kne/topo/node/ixia/ixia.go:244.58,247.9 3 0
github.com/openconfig/kne/topo/node/ixia/ixia.go:251.2,251.12 1 0
github.com/openconfig/kne/topo/node/ixia/ixia.go:251.12,253.3 1 0
github.com/openconfig/kne/topo/node/ixia/ixia.go:255.2,255.18 1 0
github.com/openconfig/kne/topo/node/ixia/ixia.go:259.73,261.16 2 0
github.com/openconfig/kne/topo/node/ixia/ixia.go:261.16,263.3 1 0
github.com/openconfig/kne/topo/node/ixia/ixia.go:265.2,266.16 2 0
github.com/openconfig/kne/topo/node/ixia/ixia.go:266.16,268.3 1 0
github.com/openconfig/kne/topo/node/ixia/ixia.go:270.2,271.52 2 0
github.com/openconfig/kne/topo/node/ixia/ixia.go:271.52,272.28 1 0
github.com/openconfig/kne/topo/node/ixia/ixia.go:272.28,273.66 1 0
github.com/openconfig/kne/topo/node/ixia/ixia.go:273.66,275.10 2 0
github.com/openconfig/kne/topo/node/ixia/ixia.go:280.2,280.18 1 0
github.com/openconfig/kne/topo/node/ixia/ixia.go:283.65,288.16 4 0
github.com/openconfig/kne/topo/node/ixia/ixia.go:288.16,290.3 1 0
github.com/openconfig/kne/topo/node/ixia/ixia.go:292.2,292.22 1 0
github.com/openconfig/kne/topo/node/ixia/ixia.go:293.18,294.29 1 0
github.com/openconfig/kne/topo/node/ixia/ixia.go:295.19,296.29 1 0
github.com/openconfig/kne/topo/node/ixia/ixia.go:297.16,298.72 1 0
github.com/openconfig/kne/topo/node/ixia/ixia.go:301.2,301.19 1 0
github.com/openconfig/kne/topo/node/ixia/ixia.go:304.50,307.16 3 0
github.com/openconfig/kne/topo/node/ixia/ixia.go:307.16,309.3 1 0
github.com/openconfig/kne/topo/node/ixia/ixia.go:311.2,312.16 2 0
github.com/openconfig/kne/topo/node/ixia/ixia.go:312.16,315.3 2 0
github.com/openconfig/kne/topo/node/ixia/ixia.go:316.2,316.12 1 0
github.com/openconfig/kne/topo/node/ixia/ixia.go:319.32,320.39 1 1
github.com/openconfig/kne/topo/node/ixia/ixia.go:320.39,322.3 1 0
github.com/openconfig/kne/topo/node/ixia/ixia.go:325.39,327.2 1 1
github.com/openconfig/kne/topo/node/ixia/ixia.go:329.13,331.2 1 1
github.com/openconfig/kne/topo/node/cisco/cisco.go:37.50,38.21 1 1
github.com/openconfig/kne/topo/node/cisco/cisco.go:38.21,40.3 1 1
github.com/openconfig/kne/topo/node/cisco/cisco.go:41.2,41.27 1 1
github.com/openconfig/kne/topo/node/cisco/cisco.go:41.27,43.3 1 0
github.com/openconfig/kne/topo/node/cisco/cisco.go:44.2,45.16 2 1
github.com/openconfig/kne/topo/node/cisco/cisco.go:45.16,47.3 1 1
github.com/openconfig/kne/topo/node/cisco/cisco.go:48.2,52.15 3 1
github.com/openconfig/kne/topo/node/cisco/cisco.go:59.50,62.44 2 1
github.com/openconfig/kne/topo/node/cisco/cisco.go:62.44,64.3 1 0
github.com/openconfig/kne/topo/node/cisco/cisco.go:65.2,68.30 4 1
github.com/openconfig/kne/topo/node/cisco/cisco.go:68.30,70.3 1 1
github.com/openconfig/kne/topo/node/cisco/cisco.go:71.2,74.26 2 1
github.com/openconfig/kne/topo/node/cisco/cisco.go:74.26,82.3 1 1
github.com/openconfig/kne/topo/node/cisco/cisco.go:83.2,145.33 2 1
github.com/openconfig/kne/topo/node/cisco/cisco.go:145.33,156.41 2 1
github.com/openconfig/kne/topo/node/cisco/cisco.go:156.41,163.4 1 1
github.com/openconfig/kne/topo/node/cisco/cisco.go:165.2,166.16 2 1
github.com/openconfig/kne/topo/node/cisco/cisco.go:166.16,168.3 1 0
github.com/openconfig/kne/topo/node/cisco/cisco.go:169.2,171.45 3 1
github.com/openconfig/kne/topo/node/cisco/cisco.go:171.45,173.3 1 0
github.com/openconfig/kne/topo/node/cisco/cisco.go:174.2,175.12 2 1
github.com/openconfig/kne/topo/node/cisco/cisco.go:178.42,179.27 1 1
github.com/openconfig/kne/topo/node/cisco/cisco.go:179.27,181.3 1 1
github.com/openconfig/kne/topo/node/cisco/cisco.go:182.2,182.18 1 1
github.com/openconfig/kne/topo/node/cisco/cisco.go:184.59,185.34 1 1
github.com/openconfig/kne/topo/node/cisco/cisco.go:185.34,187.4 1 1
github.com/openconfig/kne/topo/node/cisco/cisco.go:188.3,188.37 1 1
github.com/openconfig/kne/topo/node/cisco/cisco.go:188.37,190.4 1 1
github.com/openconfig/kne/topo/node/cisco/cisco.go:191.10,192.34 1 1
github.com/openconfig/kne/topo/node/cisco/cisco.go:192.34,194.4 1 1
github.com/openconfig/kne/topo/node/cisco/cisco.go:195.3,195.37 1 1
github.com/openconfig/kne/topo/node/cisco/cisco.go:195.37,197.4 1 1
github.com/openconfig/kne/topo/node/cisco/cisco.go:199.2,199.11 1 1
github.com/openconfig/kne/topo/node/cisco/cisco.go:202.32,204.2 1 1
github.com/openconfig/kne/topo/node/cisco/cisco.go:206.32,208.2 1 1
github.com/openconfig/kne/topo/node/cisco/cisco.go:210.38,214.31 4 1
github.com/openconfig/kne/topo/node/cisco/cisco.go:214.31,216.3 1 1
github.com/openconfig/kne/topo/node/cisco/cisco.go:217.2,218.27 2 1
github.com/openconfig/kne/topo/node/cisco/cisco.go:218.27,220.17 2 1
github.com/openconfig/kne/topo/node/cisco/cisco.go:220.17,222.4 1 1
github.com/openconfig/kne/topo/node/cisco/cisco.go:223.3,224.78 2 1
github.com/openconfig/kne/topo/node/cisco/cisco.go:226.2,226.26 1 1
github.com/openconfig/kne/topo/node/cisco/cisco.go:226.26,228.3 1 1
github.com/openconfig/kne/topo/node/cisco/cisco.go:229.2,229.42 1 1
github.com/openconfig/kne/topo/node/cisco/cisco.go:229.42,231.3 1 1
github.com/openconfig/kne/topo/node/cisco/cisco.go:232.2,232.59 1 1
github.com/openconfig/kne/topo/node/cisco/cisco.go:232.59,234.3 1 1
github.com/openconfig/kne/topo/node/cisco/cisco.go:235.2,235.49 1 1
github.com/openconfig/kne/topo/node/cisco/cisco.go:235.49,237.3 1 1
github.com/openconfig/kne/topo/node/cisco/cisco.go:239.2,239.12 1 1
github.com/openconfig/kne/topo/node/cisco/cisco.go:242.36,245.31 3 1
github.com/openconfig/kne/topo/node/cisco/cisco.go:245.31,247.3 1 1
github.com/openconfig/kne/topo/node/cisco/cisco.go:248.2,249.27 2 1
github.com/openconfig/kne/topo/node/cisco/cisco.go:249.27,251.17 2 1
github.com/openconfig/kne/topo/node/cisco/cisco.go:251.17,253.4 1 1
github.com/openconfig/kne/topo/node/cisco/cisco.go:254.3,254.25 1 1
github.com/openconfig/kne/topo/node/cisco/cisco.go:254.25,256.4 1 1
github.com/openconfig/kne/topo/node/cisco/cisco.go:256.9,258.4 1 1
github.com/openconfig/kne/topo/node/cisco/cisco.go:260.2,260.26 1 1
github.com/openconfig/kne/topo/node/cisco/cisco.go:260.26,262.3 1 1
github.com/openconfig/kne/topo/node/cisco/cisco.go:263.2,263.42 1 1
github.com/openconfig/kne/topo/node/cisco/cisco.go:263.42,265.3 1 1
github.com/openconfig/kne/topo/node/cisco/cisco.go:266.2,266.49 1 1
github.com/openconfig/kne/topo/node/cisco/cisco.go:266.49,268.3 1 1
github.com/openconfig/kne/topo/node/cisco/cisco.go:269.2,270.12 2 1
github.com/openconfig/kne/topo/node/cisco/cisco.go:273.68,276.37 3 1
github.com/openconfig/kne/topo/node/cisco/cisco.go:276.37,278.3 1 1
github.com/openconfig/kne/topo/node/cisco/cisco.go:279.2,279.35 1 1
github.com/openconfig/kne/topo/node/cisco/cisco.go:279.35,281.3 1 1
github.com/openconfig/kne/topo/node/cisco/cisco.go:283.2,285.18 3 1
github.com/openconfig/kne/topo/node/cisco/cisco.go:286.14,287.10 1 1
github.com/openconfig/kne/topo/node/cisco/cisco.go:288.18,289.30 1 1
github.com/openconfig/kne/topo/node/cisco/cisco.go:290.18,291.30 1 1
github.com/openconfig/kne/topo/node/cisco/cisco.go:293.3,293.132 1 1
github.com/openconfig/kne/topo/node/cisco/cisco.go:294.14,295.10 1 1
github.com/openconfig/kne/topo/node/cisco/cisco.go:296.18,297.30 1 1
github.com/openconfig/kne/topo/node/cisco/cisco.go:298.18,299.30 1 1
github.com/openconfig/kne/topo/node/cisco/cisco.go:300.18,301.30 1 1
github.com/openconfig/kne/topo/node/cisco/cisco.go:303.3,303.132 1 1
github.com/openconfig/kne/topo/node/cisco/cisco.go:304.19,305.16 1 1
github.com/openconfig/kne/topo/node/cisco/cisco.go:305.16,307.4 1 1
github.com/openconfig/kne/topo/node/cisco/cisco.go:308.3,308.132 1 1
github.com/openconfig/kne/topo/node/cisco/cisco.go:309.18,310.16 1 1
github.com/openconfig/kne/topo/node/cisco/cisco.go:310.16,312.4 1 1
github.com/openconfig/kne/topo/node/cisco/cisco.go:313.3,313.132 1 1
[...]
github.com/openconfig/kne/topo/node/lemming/lemming.go:111.2,112.16 2 1
github.com/openconfig/kne/topo/node/lemming/lemming.go:112.16,114.3 1 1
github.com/openconfig/kne/topo/node/lemming/lemming.go:115.2,115.111 1 1
github.com/openconfig/kne/topo/node/lemming/lemming.go:115.111,117.3 1 1
github.com/openconfig/kne/topo/node/lemming/lemming.go:118.2,118.12 1 1
github.com/openconfig/kne/topo/node/lemming/lemming.go:121.65,123.16 2 1
github.com/openconfig/kne/topo/node/lemming/lemming.go:123.16,125.3 1 1
github.com/openconfig/kne/topo/node/lemming/lemming.go:126.2,127.16 2 1
github.com/openconfig/kne/topo/node/lemming/lemming.go:127.16,129.3 1 1
github.com/openconfig/kne/topo/node/lemming/lemming.go:130.2,130.26 1 1
github.com/openconfig/kne/topo/node/lemming/lemming.go:131.25,132.33 1 1
github.com/openconfig/kne/topo/node/lemming/lemming.go:133.24,134.32 1 1
github.com/openconfig/kne/topo/node/lemming/lemming.go:135.25,136.33 1 1
github.com/openconfig/kne/topo/node/lemming/lemming.go:137.10,138.33 1 1
github.com/openconfig/kne/topo/node/lemming/lemming.go:142.50,144.16 2 1
github.com/openconfig/kne/topo/node/lemming/lemming.go:144.16,146.3 1 1
github.com/openconfig/kne/topo/node/lemming/lemming.go:147.2,147.97 1 1
github.com/openconfig/kne/topo/node/lemming/lemming.go:150.52,153.2 2 1
github.com/openconfig/kne/topo/node/lemming/lemming.go:155.61,157.2 1 1
github.com/openconfig/kne/topo/node/lemming/lemming.go:159.58,161.2 1 1
github.com/openconfig/kne/topo/node/lemming/lemming.go:163.39,164.22 1 1
github.com/openconfig/kne/topo/node/lemming/lemming.go:164.22,166.3 1 1
github.com/openconfig/kne/topo/node/lemming/lemming.go:167.2,167.27 1 1
github.com/openconfig/kne/topo/node/lemming/lemming.go:167.27,169.3 1 1
github.com/openconfig/kne/topo/node/lemming/lemming.go:170.2,170.31 1 1
github.com/openconfig/kne/topo/node/lemming/lemming.go:170.31,172.3 1 1
github.com/openconfig/kne/topo/node/lemming/lemming.go:173.2,173.43 1 1
github.com/openconfig/kne/topo/node/lemming/lemming.go:173.43,175.3 1 1
github.com/openconfig/kne/topo/node/lemming/lemming.go:176.2,176.34 1 1
github.com/openconfig/kne/topo/node/lemming/lemming.go:176.34,178.3 1 1
github.com/openconfig/kne/topo/node/lemming/lemming.go:179.2,179.27 1 1
github.com/openconfig/kne/topo/node/lemming/lemming.go:179.27,188.3 1 1
github.com/openconfig/kne/topo/node/lemming/lemming.go:189.2,189.27 1 1
github.com/openconfig/kne/topo/node/lemming/lemming.go:189.27,194.3 1 1
github.com/openconfig/kne/topo/node/lemming/lemming.go:195.2,195.22 1 1
github.com/openconfig/kne/topo/node/lemming/lemming.go:195.22,199.3 1 1
github.com/openconfig/kne/topo/node/lemming/lemming.go:200.2,200.24 1 1
github.com/openconfig/kne/topo/node/lemming/lemming.go:200.24,220.3 1 1
github.com/openconfig/kne/topo/node/lemming/lemming.go:221.2,221.11 1 1
github.com/openconfig/kne/topo/node/lemming/lemming.go:224.13,226.2 1 1
github.com/openconfig/kne/topo/node/srl/srl.go:40.50,41.21 1 1
github.com/openconfig/kne/topo/node/srl/srl.go:41.21,43.3 1 1
github.com/openconfig/kne/topo/node/srl/srl.go:44.2,44.27 1 1
github.com/openconfig/kne/topo/node/srl/srl.go:44.27,46.3 1 1
github.com/openconfig/kne/topo/node/srl/srl.go:47.2,54.16 5 1
github.com/openconfig/kne/topo/node/srl/srl.go:54.16,56.3 1 0
github.com/openconfig/kne/topo/node/srl/srl.go:58.2,60.15 2 1
github.com/openconfig/kne/topo/node/srl/srl.go:64.76,69.16 3 0
github.com/openconfig/kne/topo/node/srl/srl.go:69.16,71.3 1 0
github.com/openconfig/kne/topo/node/srl/srl.go:73.2,73.62 1 0
github.com/openconfig/kne/topo/node/srl/srl.go:95.62,97.23 2 1
github.com/openconfig/kne/topo/node/srl/srl.go:97.23,100.3 2 0
github.com/openconfig/kne/topo/node/srl/srl.go:101.2,108.16 4 1
github.com/openconfig/kne/topo/node/srl/srl.go:108.16,110.3 1 0
github.com/openconfig/kne/topo/node/srl/srl.go:111.2,111.32 1 1
github.com/openconfig/kne/topo/node/srl/srl.go:111.32,113.42 2 1
github.com/openconfig/kne/topo/node/srl/srl.go:113.42,114.9 1 1
github.com/openconfig/kne/topo/node/srl/srl.go:117.2,119.41 2 1
github.com/openconfig/kne/topo/node/srl/srl.go:119.41,121.3 1 0
github.com/openconfig/kne/topo/node/srl/srl.go:123.2,124.16 2 1
github.com/openconfig/kne/topo/node/srl/srl.go:124.16,126.3 1 1
github.com/openconfig/kne/topo/node/srl/srl.go:128.2,130.26 2 1
github.com/openconfig/kne/topo/node/srl/srl.go:134.67,142.16 5 1
github.com/openconfig/kne/topo/node/srl/srl.go:142.16,144.3 1 0
github.com/openconfig/kne/topo/node/srl/srl.go:146.2,147.16 2 1
github.com/openconfig/kne/topo/node/srl/srl.go:147.16,149.3 1 0
github.com/openconfig/kne/topo/node/srl/srl.go:151.2,154.16 3 1
github.com/openconfig/kne/topo/node/srl/srl.go:154.16,156.3 1 0
github.com/openconfig/kne/topo/node/srl/srl.go:158.2,158.24 1 1
github.com/openconfig/kne/topo/node/srl/srl.go:158.24,160.3 1 1
github.com/openconfig/kne/topo/node/srl/srl.go:162.2,162.20 1 1
github.com/openconfig/kne/topo/node/srl/srl.go:166.50,169.44 2 0
github.com/openconfig/kne/topo/node/srl/srl.go:169.44,171.3 1 0
github.com/openconfig/kne/topo/node/srl/srl.go:172.2,213.16 4 0
github.com/openconfig/kne/topo/node/srl/srl.go:213.16,215.3 1 0
github.com/openconfig/kne/topo/node/srl/srl.go:218.2,221.16 2 0
github.com/openconfig/kne/topo/node/srl/srl.go:221.16,223.3 1 0
github.com/openconfig/kne/topo/node/srl/srl.go:224.2,224.32 1 0
github.com/openconfig/kne/topo/node/srl/srl.go:224.32,226.42 2 0
github.com/openconfig/kne/topo/node/srl/srl.go:226.42,227.9 1 0
github.com/openconfig/kne/topo/node/srl/srl.go:231.2,233.45 2 0
github.com/openconfig/kne/topo/node/srl/srl.go:233.45,235.3 1 0
github.com/openconfig/kne/topo/node/srl/srl.go:237.2,237.12 1 0
github.com/openconfig/kne/topo/node/srl/srl.go:240.50,242.16 2 0
github.com/openconfig/kne/topo/node/srl/srl.go:242.16,244.3 1 0
github.com/openconfig/kne/topo/node/srl/srl.go:246.2,247.45 2 0
github.com/openconfig/kne/topo/node/srl/srl.go:247.45,249.3 1 0
github.com/openconfig/kne/topo/node/srl/srl.go:250.2,250.44 1 0
github.com/openconfig/kne/topo/node/srl/srl.go:250.44,252.3 1 0
github.com/openconfig/kne/topo/node/srl/srl.go:253.2,254.12 2 0
github.com/openconfig/kne/topo/node/srl/srl.go:257.45,258.22 1 1
github.com/openconfig/kne/topo/node/srl/srl.go:258.22,260.3 1 1
github.com/openconfig/kne/topo/node/srl/srl.go:261.2,261.24 1 1
github.com/openconfig/kne/topo/node/srl/srl.go:261.24,276.3 1 1
github.com/openconfig/kne/topo/node/srl/srl.go:277.2,277.22 1 1
github.com/openconfig/kne/topo/node/srl/srl.go:277.22,279.3 1 1
github.com/openconfig/kne/topo/node/srl/srl.go:280.2,280.31 1 1
github.com/openconfig/kne/topo/node/srl/srl.go:280.31,282.3 1 1
github.com/openconfig/kne/topo/node/srl/srl.go:283.2,283.22 1 1
github.com/openconfig/kne/topo/node/srl/srl.go:283.22,285.3 1 0
github.com/openconfig/kne/topo/node/srl/srl.go:286.2,286.27 1 1
github.com/openconfig/kne/topo/node/srl/srl.go:286.27,288.3 1 1
github.com/openconfig/kne/topo/node/srl/srl.go:289.2,289.32 1 1
github.com/openconfig/kne/topo/node/srl/srl.go:289.32,291.3 1 1
github.com/openconfig/kne/topo/node/srl/srl.go:292.2,292.11 1 1
github.com/openconfig/kne/topo/node/srl/srl.go:297.52,301.16 3 1
github.com/openconfig/kne/topo/node/srl/srl.go:301.16,303.3 1 0
github.com/openconfig/kne/topo/node/srl/srl.go:305.2,308.16 2 1
github.com/openconfig/kne/topo/node/srl/srl.go:308.16,310.3 1 0
github.com/openconfig/kne/topo/node/srl/srl.go:312.2,312.24 1 1
github.com/openconfig/kne/topo/node/srl/srl.go:312.24,314.3 1 1
github.com/openconfig/kne/topo/node/srl/srl.go:315.2,317.26 2 1
github.com/openconfig/kne/topo/node/srl/srl.go:324.37,340.16 6 1
github.com/openconfig/kne/topo/node/srl/srl.go:340.16,342.3 1 0
github.com/openconfig/kne/topo/node/srl/srl.go:344.2,344.63 1 1
github.com/openconfig/kne/topo/node/srl/srl.go:349.43,350.91 1 0
github.com/openconfig/kne/topo/node/srl/srl.go:350.91,352.3 1 0
github.com/openconfig/kne/topo/node/srl/srl.go:354.2,354.14 1 0
github.com/openconfig/kne/topo/node/srl/srl.go:357.13,359.2 1 1
github.com/openconfig/kne/topo/topo.go:72.35,73.26 1 0
github.com/openconfig/kne/topo/topo.go:73.26,75.3 1 0
github.com/openconfig/kne/topo/topo.go:78.52,79.26 1 1
github.com/openconfig/kne/topo/topo.go:79.26,81.3 1 1
github.com/openconfig/kne/topo/topo.go:84.58,85.26 1 1
github.com/openconfig/kne/topo/topo.go:85.26,87.3 1 1
github.com/openconfig/kne/topo/topo.go:90.47,91.26 1 1
github.com/openconfig/kne/topo/topo.go:91.26,93.3 1 1
github.com/openconfig/kne/topo/topo.go:96.36,97.26 1 0
github.com/openconfig/kne/topo/topo.go:97.26,99.3 1 0
github.com/openconfig/kne/topo/topo.go:106.64,107.17 1 1
github.com/openconfig/kne/topo/topo.go:107.17,109.3 1 1
github.com/openconfig/kne/topo/topo.go:110.2,114.25 2 1
github.com/openconfig/kne/topo/topo.go:114.25,116.3 1 1
github.com/openconfig/kne/topo/topo.go:117.2,117.19 1 1
github.com/openconfig/kne/topo/topo.go:117.19,120.17 3 0
github.com/openconfig/kne/topo/topo.go:120.17,123.18 3 0
github.com/openconfig/kne/topo/topo.go:123.18,125.5 1 0
github.com/openconfig/kne/topo/topo.go:127.3,127.16 1 0
github.com/openconfig/kne/topo/topo.go:129.2,129.22 1 1
github.com/openconfig/kne/topo/topo.go:129.22,131.17 2 0
github.com/openconfig/kne/topo/topo.go:131.17,133.4 1 0
github.com/openconfig/kne/topo/topo.go:134.3,134.22 1 0
github.com/openconfig/kne/topo/topo.go:136.2,136.22 1 1
github.com/openconfig/kne/topo/topo.go:136.22,138.17 2 0
github.com/openconfig/kne/topo/topo.go:138.17,140.4 1 0
github.com/openconfig/kne/topo/topo.go:141.3,141.22 1 0
github.com/openconfig/kne/topo/topo.go:143.2,143.33 1 1
github.com/openconfig/kne/topo/topo.go:143.33,145.3 1 1
github.com/openconfig/kne/topo/topo.go:146.2,147.15 2 1
github.com/openconfig/kne/topo/topo.go:151.76,153.36 2 1
github.com/openconfig/kne/topo/topo.go:153.36,155.3 1 0
github.com/openconfig/kne/topo/topo.go:156.2,156.56 1 1
github.com/openconfig/kne/topo/topo.go:156.56,158.3 1 1
github.com/openconfig/kne/topo/topo.go:159.2,160.12 2 1
github.com/openconfig/kne/topo/topo.go:164.53,166.102 2 1
github.com/openconfig/kne/topo/topo.go:166.102,168.3 1 1
github.com/openconfig/kne/topo/topo.go:171.2,171.28 1 1
github.com/openconfig/kne/topo/topo.go:171.28,173.39 1 1
github.com/openconfig/kne/topo/topo.go:173.39,175.4 1 0
github.com/openconfig/kne/topo/topo.go:178.2,178.55 1 1
github.com/openconfig/kne/topo/topo.go:178.55,180.3 1 0
github.com/openconfig/kne/topo/topo.go:183.2,184.113 2 1
github.com/openconfig/kne/topo/topo.go:188.80,191.16 3 1
github.com/openconfig/kne/topo/topo.go:191.16,193.3 1 1
github.com/openconfig/kne/topo/topo.go:194.2,194.33 1 1
github.com/openconfig/kne/topo/topo.go:194.33,195.27 1 1
github.com/openconfig/kne/topo/topo.go:195.27,197.4 1 0
github.com/openconfig/kne/topo/topo.go:198.3,199.10 2 1
github.com/openconfig/kne/topo/topo.go:199.10,201.4 1 0
github.com/openconfig/kne/topo/topo.go:202.3,202.32 1 1
github.com/openconfig/kne/topo/topo.go:202.32,203.62 1 1
github.com/openconfig/kne/topo/topo.go:203.62,205.5 1 0
github.com/openconfig/kne/topo/topo.go:208.2,209.28 2 1
github.com/openconfig/kne/topo/topo.go:209.28,212.3 2 1
github.com/openconfig/kne/topo/topo.go:213.2,216.8 1 1
github.com/openconfig/kne/topo/topo.go:219.52,221.16 2 0
github.com/openconfig/kne/topo/topo.go:221.16,223.3 1 0
github.com/openconfig/kne/topo/topo.go:224.2,225.20 2 0
github.com/openconfig/kne/topo/topo.go:225.20,229.3 3 0
github.com/openconfig/kne/topo/topo.go:230.2,230.12 1 0
github.com/openconfig/kne/topo/topo.go:234.48,236.2 1 1
github.com/openconfig/kne/topo/topo.go:239.32,241.33 2 1
github.com/openconfig/kne/topo/topo.go:241.33,242.29 1 1
github.com/openconfig/kne/topo/topo.go:242.29,244.4 1 1
github.com/openconfig/kne/topo/topo.go:245.3,245.31 1 1
github.com/openconfig/kne/topo/topo.go:245.31,246.37 1 0
github.com/openconfig/kne/topo/topo.go:246.37,248.5 1 0
github.com/openconfig/kne/topo/topo.go:250.3,250.19 1 1
github.com/openconfig/kne/topo/topo.go:252.2,253.33 2 1
github.com/openconfig/kne/topo/topo.go:253.33,256.10 3 1
github.com/openconfig/kne/topo/topo.go:256.10,258.4 1 1
github.com/openconfig/kne/topo/topo.go:259.3,260.10 2 1
github.com/openconfig/kne/topo/topo.go:260.10,265.4 2 1
github.com/openconfig/kne/topo/topo.go:266.3,267.10 2 1
github.com/openconfig/kne/topo/topo.go:267.10,269.4 1 1
github.com/openconfig/kne/topo/topo.go:270.3,271.10 2 1
github.com/openconfig/kne/topo/topo.go:271.10,276.4 2 1
github.com/openconfig/kne/topo/topo.go:277.3,277.26 1 1
github.com/openconfig/kne/topo/topo.go:277.26,279.4 1 1
github.com/openconfig/kne/topo/topo.go:280.3,280.26 1 1
github.com/openconfig/kne/topo/topo.go:280.26,282.4 1 1
github.com/openconfig/kne/topo/topo.go:283.3,289.8 7 1
github.com/openconfig/kne/topo/topo.go:291.2,291.25 1 1
github.com/openconfig/kne/topo/topo.go:291.25,294.17 3 1
github.com/openconfig/kne/topo/topo.go:294.17,296.4 1 1
github.com/openconfig/kne/topo/topo.go:297.3,297.18 1 1
github.com/openconfig/kne/topo/topo.go:299.2,299.12 1 1
github.com/openconfig/kne/topo/topo.go:303.114,304.37 1 1
github.com/openconfig/kne/topo/topo.go:304.37,305.48 1 1
github.com/openconfig/kne/topo/topo.go:305.48,307.103 1 1
github.com/openconfig/kne/topo/topo.go:307.103,311.5 3 1
github.com/openconfig/kne/topo/topo.go:314.2,314.102 1 0
github.com/openconfig/kne/topo/topo.go:319.86,324.28 3 1
github.com/openconfig/kne/topo/topo.go:324.28,327.17 3 1
github.com/openconfig/kne/topo/topo.go:327.17,329.4 1 0
github.com/openconfig/kne/topo/topo.go:331.3,332.30 2 1
github.com/openconfig/kne/topo/topo.go:336.2,336.41 1 1
github.com/openconfig/kne/topo/topo.go:336.41,337.30 1 1
github.com/openconfig/kne/topo/topo.go:337.30,338.35 1 1
github.com/openconfig/kne/topo/topo.go:338.35,341.12 3 1
github.com/openconfig/kne/topo/topo.go:341.12,343.6 1 0
github.com/openconfig/kne/topo/topo.go:345.5,345.88 1 1
github.com/openconfig/kne/topo/topo.go:345.88,347.6 1 0
github.com/openconfig/kne/topo/topo.go:349.4,349.31 1 1
github.com/openconfig/kne/topo/topo.go:353.2,353.19 1 1
github.com/openconfig/kne/topo/topo.go:357.51,358.102 1 1
github.com/openconfig/kne/topo/topo.go:358.102,366.17 4 1
github.com/openconfig/kne/topo/topo.go:366.17,368.4 1 0
github.com/openconfig/kne/topo/topo.go:369.3,369.42 1 1
github.com/openconfig/kne/topo/topo.go:372.2,372.55 1 1
github.com/openconfig/kne/topo/topo.go:372.55,374.3 1 0
github.com/openconfig/kne/topo/topo.go:376.2,377.28 2 1
github.com/openconfig/kne/topo/topo.go:377.28,378.39 1 1
github.com/openconfig/kne/topo/topo.go:378.39,380.4 1 0
github.com/openconfig/kne/topo/topo.go:381.3,381.43 1 1
github.com/openconfig/kne/topo/topo.go:383.2,383.28 1 1
github.com/openconfig/kne/topo/topo.go:383.28,385.10 2 1
github.com/openconfig/kne/topo/topo.go:386.11,387.79 1 0
github.com/openconfig/kne/topo/topo.go:388.60,388.60 0 1
github.com/openconfig/kne/topo/topo.go:391.2,391.12 1 1
github.com/openconfig/kne/topo/topo.go:395.70,398.16 3 1
github.com/openconfig/kne/topo/topo.go:398.16,400.3 1 0
github.com/openconfig/kne/topo/topo.go:401.2,402.31 2 1
github.com/openconfig/kne/topo/topo.go:402.31,405.17 3 1
github.com/openconfig/kne/topo/topo.go:405.17,407.4 1 0
github.com/openconfig/kne/topo/topo.go:408.3,408.45 1 1
github.com/openconfig/kne/topo/topo.go:410.2,410.12 1 1
github.com/openconfig/kne/topo/topo.go:414.70,416.16 2 1
github.com/openconfig/kne/topo/topo.go:416.16,417.27 1 1
github.com/openconfig/kne/topo/topo.go:417.27,418.113 1 0
github.com/openconfig/kne/topo/topo.go:418.113,420.5 1 0
github.com/openconfig/kne/topo/topo.go:422.8,425.3 1 0
github.com/openconfig/kne/topo/topo.go:427.2,427.12 1 1
github.com/openconfig/kne/topo/topo.go:431.85,437.65 4 1
github.com/openconfig/kne/topo/topo.go:437.65,439.32 2 1
github.com/openconfig/kne/topo/topo.go:439.32,440.36 1 1
github.com/openconfig/kne/topo/topo.go:440.36,441.13 1 0
github.com/openconfig/kne/topo/topo.go:444.4,445.48 2 1
github.com/openconfig/kne/topo/topo.go:445.48,447.5 1 1
github.com/openconfig/kne/topo/topo.go:448.4,448.35 1 1
github.com/openconfig/kne/topo/topo.go:448.35,451.5 2 1
github.com/openconfig/kne/topo/topo.go:451.10,453.5 1 1
github.com/openconfig/kne/topo/topo.go:455.3,455.37 1 1
github.com/openconfig/kne/topo/topo.go:457.2,457.15 1 1
github.com/openconfig/kne/topo/topo.go:457.15,459.3 1 1
github.com/openconfig/kne/topo/topo.go:460.2,460.12 1 1
github.com/openconfig/kne/topo/topo.go:471.70,479.35 2 1
github.com/openconfig/kne/topo/topo.go:479.35,481.17 2 1
github.com/openconfig/kne/topo/topo.go:481.17,483.4 1 1
github.com/openconfig/kne/topo/topo.go:484.3,487.17 3 1
github.com/openconfig/kne/topo/topo.go:487.17,489.4 1 1
github.com/openconfig/kne/topo/topo.go:490.3,490.34 1 1
github.com/openconfig/kne/topo/topo.go:493.2,494.16 2 1
github.com/openconfig/kne/topo/topo.go:494.16,496.3 1 0
github.com/openconfig/kne/topo/topo.go:497.2,497.26 1 1
github.com/openconfig/kne/topo/topo.go:497.26,499.3 1 1
github.com/openconfig/kne/topo/topo.go:501.2,501.16 1 1
github.com/openconfig/kne/topo/topo.go:505.90,507.16 2 1
github.com/openconfig/kne/topo/topo.go:507.16,509.3 1 0
github.com/openconfig/kne/topo/topo.go:511.2,512.23 2 1
github.com/openconfig/kne/topo/topo.go:512.23,514.3 1 1
github.com/openconfig/kne/topo/topo.go:516.2,516.19 1 1
github.com/openconfig/kne/topo/topo.go:521.87,523.9 2 1
github.com/openconfig/kne/topo/topo.go:523.9,525.3 1 1
github.com/openconfig/kne/topo/topo.go:526.2,527.9 2 1
github.com/openconfig/kne/topo/topo.go:527.9,529.3 1 1
github.com/openconfig/kne/topo/topo.go:530.2,530.30 1 1
github.com/openconfig/kne/topo/topo.go:535.72,537.9 2 1
github.com/openconfig/kne/topo/topo.go:537.9,539.3 1 1
github.com/openconfig/kne/topo/topo.go:540.2,541.9 2 1
github.com/openconfig/kne/topo/topo.go:541.9,543.3 1 1
github.com/openconfig/kne/topo/topo.go:544.2,544.24 1 1
github.com/openconfig/kne/topo/topo.go:550.82,552.9 2 1
github.com/openconfig/kne/topo/topo.go:552.9,554.3 1 1
github.com/openconfig/kne/topo/topo.go:555.2,555.47 1 1
github.com/openconfig/kne/topo/topo.go:555.47,558.3 2 1
github.com/openconfig/kne/topo/topo.go:559.2,560.9 2 1
github.com/openconfig/kne/topo/topo.go:560.9,562.3 1 1
github.com/openconfig/kne/topo/topo.go:563.2,563.34 1 1
github.com/openconfig/kne/topo/topo.go:567.83,568.26 1 1
github.com/openconfig/kne/topo/topo.go:568.26,570.3 1 0
github.com/openconfig/kne/topo/topo.go:571.2,571.45 1 1
github.com/openconfig/kne/topo/topo.go:571.45,573.3 1 0
github.com/openconfig/kne/topo/topo.go:574.2,574.33 1 1
github.com/openconfig/kne/topo/topo.go:574.33,577.10 3 1
github.com/openconfig/kne/topo/topo.go:577.10,582.4 2 0
github.com/openconfig/kne/topo/topo.go:583.3,583.25 1 1
github.com/openconfig/kne/topo/topo.go:583.25,585.4 1 0
github.com/openconfig/kne/topo/topo.go:586.3,590.58 5 1
github.com/openconfig/kne/topo/topo.go:592.2,592.12 1 1
github.com/openconfig/kne/topo/topo.go:600.31,602.2 1 1
github.com/openconfig/kne/topo/topo.go:604.65,605.16 1 1
github.com/openconfig/kne/topo/topo.go:605.16,607.3 1 1
github.com/openconfig/kne/topo/topo.go:608.2,608.19 1 1
github.com/openconfig/kne/topo/topo.go:611.54,612.31 1 1
github.com/openconfig/kne/topo/topo.go:612.31,614.3 1 1
github.com/openconfig/kne/topo/topo.go:615.2,616.28 2 1
github.com/openconfig/kne/topo/topo.go:616.28,618.3 1 1
github.com/openconfig/kne/topo/topo.go:619.2,619.9 1 1
github.com/openconfig/kne/topo/topo.go:620.10,621.54 1 0
github.com/openconfig/kne/topo/topo.go:622.46,623.50 1 1
github.com/openconfig/kne/topo/topo.go:624.37,625.48 1 1
github.com/openconfig/kne/topo/topo.go:626.38,627.51 1 1
github.com/openconfig/kne/topo/topo.go:632.47,634.16 2 1
github.com/openconfig/kne/topo/topo.go:634.16,636.3 1 0
github.com/openconfig/kne/topo/topo.go:637.2,638.9 2 1
github.com/openconfig/kne/topo/topo.go:639.73,641.17 2 1
github.com/openconfig/kne/topo/topo.go:641.17,643.4 1 0
github.com/openconfig/kne/topo/topo.go:644.3,644.71 1 1
github.com/openconfig/kne/topo/topo.go:644.71,646.4 1 1
github.com/openconfig/kne/topo/topo.go:647.10,648.51 1 1
github.com/openconfig/kne/topo/topo.go:648.51,650.4 1 1
github.com/openconfig/kne/topo/topo.go:652.2,652.15 1 1
